Analysis & Synthesis report for Caminho_de_dados
Wed Jun 07 15:33:03 2023
Quartus Prime Version 17.0.0 Build 595 04/25/2017 SJ Lite Edition


---------------------
; Table of Contents ;
---------------------
  1. Legal Notice
  2. Analysis & Synthesis Summary
  3. Analysis & Synthesis Settings
  4. Parallel Compilation
  5. Analysis & Synthesis Source Files Read
  6. Analysis & Synthesis Resource Usage Summary
  7. Analysis & Synthesis Resource Utilization by Entity
  8. General Register Statistics
  9. Parameter Settings for User Entity Instance: Top-level Entity: |main
 10. Port Connectivity Checks: "memoria:memoria"
 11. Port Connectivity Checks: "alu:alu"
 12. Port Connectivity Checks: "registradores:registradores"
 13. Port Connectivity Checks: "sinaisdecontrole:sinaisdecontrole"
 14. Port Connectivity Checks: "decodificacao:decodificacao"
 15. Post-Synthesis Netlist Statistics for Top Partition
 16. Elapsed Time Per Partition
 17. Analysis & Synthesis Messages



----------------
; Legal Notice ;
----------------
Copyright (C) 2017  Intel Corporation. All rights reserved.
Your use of Intel Corporation's design tools, logic functions 
and other software and tools, and its AMPP partner logic 
functions, and any output files from any of the foregoing 
(including device programming or simulation files), and any 
associated documentation or information are expressly subject 
to the terms and conditions of the Intel Program License 
Subscription Agreement, the Intel Quartus Prime License Agreement,
the Intel MegaCore Function License Agreement, or other 
applicable license agreement, including, without limitation, 
that your use is for the sole purpose of programming logic 
devices manufactured by Intel and sold by Intel or its 
authorized distributors.  Please refer to the applicable 
agreement for further details.



+----------------------------------------------------------------------------------+
; Analysis & Synthesis Summary                                                     ;
+------------------------------------+---------------------------------------------+
; Analysis & Synthesis Status        ; Successful - Wed Jun 07 15:33:03 2023       ;
; Quartus Prime Version              ; 17.0.0 Build 595 04/25/2017 SJ Lite Edition ;
; Revision Name                      ; Caminho_de_dados                            ;
; Top-level Entity Name              ; main                                        ;
; Family                             ; Cyclone IV E                                ;
; Total logic elements               ; 0                                           ;
;     Total combinational functions  ; 0                                           ;
;     Dedicated logic registers      ; 0                                           ;
; Total registers                    ; 0                                           ;
; Total pins                         ; 2                                           ;
; Total virtual pins                 ; 0                                           ;
; Total memory bits                  ; 0                                           ;
; Embedded Multiplier 9-bit elements ; 0                                           ;
; Total PLLs                         ; 0                                           ;
+------------------------------------+---------------------------------------------+


+----------------------------------------------------------------------------------------------------------------------+
; Analysis & Synthesis Settings                                                                                        ;
+----------------------------------------------------------------------------+--------------------+--------------------+
; Option                                                                     ; Setting            ; Default Value      ;
+----------------------------------------------------------------------------+--------------------+--------------------+
; Device                                                                     ; EP4CE115F29C8      ;                    ;
; Top-level entity name                                                      ; main               ; Caminho_de_dados   ;
; Family name                                                                ; Cyclone IV E       ; Cyclone V          ;
; Use smart compilation                                                      ; Off                ; Off                ;
; Enable parallel Assembler and TimeQuest Timing Analyzer during compilation ; On                 ; On                 ;
; Enable compact report table                                                ; Off                ; Off                ;
; Restructure Multiplexers                                                   ; Auto               ; Auto               ;
; Create Debugging Nodes for IP Cores                                        ; Off                ; Off                ;
; Preserve fewer node names                                                  ; On                 ; On                 ;
; OpenCore Plus hardware evaluation                                          ; Enable             ; Enable             ;
; Verilog Version                                                            ; Verilog_2001       ; Verilog_2001       ;
; VHDL Version                                                               ; VHDL_1993          ; VHDL_1993          ;
; State Machine Processing                                                   ; Auto               ; Auto               ;
; Safe State Machine                                                         ; Off                ; Off                ;
; Extract Verilog State Machines                                             ; On                 ; On                 ;
; Extract VHDL State Machines                                                ; On                 ; On                 ;
; Ignore Verilog initial constructs                                          ; Off                ; Off                ;
; Iteration limit for constant Verilog loops                                 ; 5000               ; 5000               ;
; Iteration limit for non-constant Verilog loops                             ; 250                ; 250                ;
; Add Pass-Through Logic to Inferred RAMs                                    ; On                 ; On                 ;
; Infer RAMs from Raw Logic                                                  ; On                 ; On                 ;
; Parallel Synthesis                                                         ; On                 ; On                 ;
; DSP Block Balancing                                                        ; Auto               ; Auto               ;
; NOT Gate Push-Back                                                         ; On                 ; On                 ;
; Power-Up Don't Care                                                        ; On                 ; On                 ;
; Remove Redundant Logic Cells                                               ; Off                ; Off                ;
; Remove Duplicate Registers                                                 ; On                 ; On                 ;
; Ignore CARRY Buffers                                                       ; Off                ; Off                ;
; Ignore CASCADE Buffers                                                     ; Off                ; Off                ;
; Ignore GLOBAL Buffers                                                      ; Off                ; Off                ;
; Ignore ROW GLOBAL Buffers                                                  ; Off                ; Off                ;
; Ignore LCELL Buffers                                                       ; Off                ; Off                ;
; Ignore SOFT Buffers                                                        ; On                 ; On                 ;
; Limit AHDL Integers to 32 Bits                                             ; Off                ; Off                ;
; Optimization Technique                                                     ; Balanced           ; Balanced           ;
; Carry Chain Length                                                         ; 70                 ; 70                 ;
; Auto Carry Chains                                                          ; On                 ; On                 ;
; Auto Open-Drain Pins                                                       ; On                 ; On                 ;
; Perform WYSIWYG Primitive Resynthesis                                      ; Off                ; Off                ;
; Auto ROM Replacement                                                       ; On                 ; On                 ;
; Auto RAM Replacement                                                       ; On                 ; On                 ;
; Auto DSP Block Replacement                                                 ; On                 ; On                 ;
; Auto Shift Register Replacement                                            ; Auto               ; Auto               ;
; Allow Shift Register Merging across Hierarchies                            ; Auto               ; Auto               ;
; Auto Clock Enable Replacement                                              ; On                 ; On                 ;
; Strict RAM Replacement                                                     ; Off                ; Off                ;
; Allow Synchronous Control Signals                                          ; On                 ; On                 ;
; Force Use of Synchronous Clear Signals                                     ; Off                ; Off                ;
; Auto RAM Block Balancing                                                   ; On                 ; On                 ;
; Auto RAM to Logic Cell Conversion                                          ; Off                ; Off                ;
; Auto Resource Sharing                                                      ; Off                ; Off                ;
; Allow Any RAM Size For Recognition                                         ; Off                ; Off                ;
; Allow Any ROM Size For Recognition                                         ; Off                ; Off                ;
; Allow Any Shift Register Size For Recognition                              ; Off                ; Off                ;
; Use LogicLock Constraints during Resource Balancing                        ; On                 ; On                 ;
; Ignore translate_off and synthesis_off directives                          ; Off                ; Off                ;
; Timing-Driven Synthesis                                                    ; On                 ; On                 ;
; Report Parameter Settings                                                  ; On                 ; On                 ;
; Report Source Assignments                                                  ; On                 ; On                 ;
; Report Connectivity Checks                                                 ; On                 ; On                 ;
; Ignore Maximum Fan-Out Assignments                                         ; Off                ; Off                ;
; Synchronization Register Chain Length                                      ; 2                  ; 2                  ;
; PowerPlay Power Optimization During Synthesis                              ; Normal compilation ; Normal compilation ;
; HDL message level                                                          ; Level2             ; Level2             ;
; Suppress Register Optimization Related Messages                            ; Off                ; Off                ;
; Number of Removed Registers Reported in Synthesis Report                   ; 5000               ; 5000               ;
; Number of Swept Nodes Reported in Synthesis Report                         ; 5000               ; 5000               ;
; Number of Inverted Registers Reported in Synthesis Report                  ; 100                ; 100                ;
; Clock MUX Protection                                                       ; On                 ; On                 ;
; Auto Gated Clock Conversion                                                ; Off                ; Off                ;
; Block Design Naming                                                        ; Auto               ; Auto               ;
; SDC constraint protection                                                  ; Off                ; Off                ;
; Synthesis Effort                                                           ; Auto               ; Auto               ;
; Shift Register Replacement - Allow Asynchronous Clear Signal               ; On                 ; On                 ;
; Pre-Mapping Resynthesis Optimization                                       ; Off                ; Off                ;
; Analysis & Synthesis Message Level                                         ; Medium             ; Medium             ;
; Disable Register Merging Across Hierarchies                                ; Auto               ; Auto               ;
; Resource Aware Inference For Block RAM                                     ; On                 ; On                 ;
+----------------------------------------------------------------------------+--------------------+--------------------+


+------------------------------------------+
; Parallel Compilation                     ;
+----------------------------+-------------+
; Processors                 ; Number      ;
+----------------------------+-------------+
; Number detected on machine ; 8           ;
; Maximum allowed            ; 4           ;
;                            ;             ;
; Average used               ; 1.00        ;
; Maximum used               ; 1           ;
;                            ;             ;
; Usage by Processor         ; % Time Used ;
;     Processor 1            ; 100.0%      ;
+----------------------------+-------------+


+--------------------------------------------------------------------------------------------------------------------------------------------------------------------------------------------+
; Analysis & Synthesis Source Files Read                                                                                                                                                     ;
+----------------------------------+-----------------+------------------------+----------------------------------------------------------------------------------------------------+---------+
; File Name with User-Entered Path ; Used in Netlist ; File Type              ; File Name with Absolute Path                                                                       ; Library ;
+----------------------------------+-----------------+------------------------+----------------------------------------------------------------------------------------------------+---------+
; alu.v                            ; yes             ; User Verilog HDL File  ; C:/Users/itall/OneDrive/Documentos/Meus Projetos/Caminho-de-dados-RISCV/Quartus/alu.v              ;         ;
; clock.v                          ; yes             ; User Verilog HDL File  ; C:/Users/itall/OneDrive/Documentos/Meus Projetos/Caminho-de-dados-RISCV/Quartus/clock.v            ;         ;
; decodificacao.v                  ; yes             ; User Verilog HDL File  ; C:/Users/itall/OneDrive/Documentos/Meus Projetos/Caminho-de-dados-RISCV/Quartus/decodificacao.v    ;         ;
; lerinstrucao.v                   ; yes             ; User Verilog HDL File  ; C:/Users/itall/OneDrive/Documentos/Meus Projetos/Caminho-de-dados-RISCV/Quartus/lerinstrucao.v     ;         ;
; memoria.v                        ; yes             ; User Verilog HDL File  ; C:/Users/itall/OneDrive/Documentos/Meus Projetos/Caminho-de-dados-RISCV/Quartus/memoria.v          ;         ;
; registradores.v                  ; yes             ; User Verilog HDL File  ; C:/Users/itall/OneDrive/Documentos/Meus Projetos/Caminho-de-dados-RISCV/Quartus/registradores.v    ;         ;
; sinaisdecontrole.v               ; yes             ; User Verilog HDL File  ; C:/Users/itall/OneDrive/Documentos/Meus Projetos/Caminho-de-dados-RISCV/Quartus/sinaisdecontrole.v ;         ;
; somapc.v                         ; yes             ; User Verilog HDL File  ; C:/Users/itall/OneDrive/Documentos/Meus Projetos/Caminho-de-dados-RISCV/Quartus/somapc.v           ;         ;
; main.v                           ; yes             ; User Verilog HDL File  ; C:/Users/itall/OneDrive/Documentos/Meus Projetos/Caminho-de-dados-RISCV/Quartus/main.v             ;         ;
; assembler.bin                    ; yes             ; User Unspecified File  ; C:/Users/itall/OneDrive/Documentos/Meus Projetos/Caminho-de-dados-RISCV/Quartus/assembler.bin      ;         ;
; memoria.bin                      ; yes             ; User Unspecified File  ; C:/Users/itall/OneDrive/Documentos/Meus Projetos/Caminho-de-dados-RISCV/Quartus/memoria.bin        ;         ;
; registradores.bin                ; yes             ; User Unspecified File  ; C:/Users/itall/OneDrive/Documentos/Meus Projetos/Caminho-de-dados-RISCV/Quartus/registradores.bin  ;         ;
+----------------------------------+-----------------+------------------------+----------------------------------------------------------------------------------------------------+---------+


+-----------------------------------------------------+
; Analysis & Synthesis Resource Usage Summary         ;
+---------------------------------------------+-------+
; Resource                                    ; Usage ;
+---------------------------------------------+-------+
;                                             ;       ;
; Total combinational functions               ; 0     ;
; Logic element usage by number of LUT inputs ;       ;
;     -- 4 input functions                    ; 0     ;
;     -- 3 input functions                    ; 0     ;
;     -- <=2 input functions                  ; 0     ;
;                                             ;       ;
; Logic elements by mode                      ;       ;
;     -- normal mode                          ; 0     ;
;     -- arithmetic mode                      ; 0     ;
;                                             ;       ;
; Total registers                             ; 0     ;
;     -- Dedicated logic registers            ; 0     ;
;     -- I/O registers                        ; 0     ;
;                                             ;       ;
; I/O pins                                    ; 2     ;
;                                             ;       ;
; Embedded Multiplier 9-bit elements          ; 0     ;
;                                             ;       ;
; Maximum fan-out node                        ; clk   ;
; Maximum fan-out                             ; 1     ;
; Total fan-out                               ; 2     ;
; Average fan-out                             ; 0.50  ;
+---------------------------------------------+-------+


+----------------------------------------------------------------------------------------------------------------------------------------------------------------------------------------------------------+
; Analysis & Synthesis Resource Utilization by Entity                                                                                                                                                      ;
+----------------------------+---------------------+---------------------------+-------------+--------------+---------+-----------+------+--------------+---------------------+-------------+--------------+
; Compilation Hierarchy Node ; Combinational ALUTs ; Dedicated Logic Registers ; Memory Bits ; DSP Elements ; DSP 9x9 ; DSP 18x18 ; Pins ; Virtual Pins ; Full Hierarchy Name ; Entity Name ; Library Name ;
+----------------------------+---------------------+---------------------------+-------------+--------------+---------+-----------+------+--------------+---------------------+-------------+--------------+
; |main                      ; 0 (0)               ; 0 (0)                     ; 0           ; 0            ; 0       ; 0         ; 2    ; 0            ; |main               ; main        ; work         ;
+----------------------------+---------------------+---------------------------+-------------+--------------+---------+-----------+------+--------------+---------------------+-------------+--------------+
Note: For table entries with two numbers listed, the numbers in parentheses indicate the number of resources of the given type used by the specific entity alone. The numbers listed outside of parentheses indicate the total resources of the given type used by the specific entity and all of its sub-entities in the hierarchy.


+------------------------------------------------------+
; General Register Statistics                          ;
+----------------------------------------------+-------+
; Statistic                                    ; Value ;
+----------------------------------------------+-------+
; Total registers                              ; 0     ;
; Number of registers using Synchronous Clear  ; 0     ;
; Number of registers using Synchronous Load   ; 0     ;
; Number of registers using Asynchronous Clear ; 0     ;
; Number of registers using Asynchronous Load  ; 0     ;
; Number of registers using Clock Enable       ; 0     ;
; Number of registers using Preset             ; 0     ;
+----------------------------------------------+-------+


+----------------------------------------------------------------------+
; Parameter Settings for User Entity Instance: Top-level Entity: |main ;
+----------------+-------+---------------------------------------------+
; Parameter Name ; Value ; Type                                        ;
+----------------+-------+---------------------------------------------+
; IF             ; 0000  ; Unsigned Binary                             ;
; ID             ; 0001  ; Unsigned Binary                             ;
; EX             ; 0010  ; Unsigned Binary                             ;
; AUX1           ; 0101  ; Unsigned Binary                             ;
; AUX2           ; 1111  ; Unsigned Binary                             ;
; MEM            ; 0011  ; Unsigned Binary                             ;
; WB             ; 0100  ; Unsigned Binary                             ;
; AUX3           ; 0110  ; Unsigned Binary                             ;
; AUX4           ; 0111  ; Unsigned Binary                             ;
; SUMPC          ; 1000  ; Unsigned Binary                             ;
; FIM            ; 1001  ; Unsigned Binary                             ;
+----------------+-------+---------------------------------------------+
Note: In order to hide this table in the UI and the text report file, please set the "Show Parameter Settings in Synthesis Report" option in "Analysis and Synthesis Settings -> More Settings" to "Off".


+-----------------------------------------------------------------------------------------------------------------+
; Port Connectivity Checks: "memoria:memoria"                                                                     ;
+-------+--------+----------+-------------------------------------------------------------------------------------+
; Port  ; Type   ; Severity ; Details                                                                             ;
+-------+--------+----------+-------------------------------------------------------------------------------------+
; mem0  ; Output ; Info     ; Connected to dangling logic. Logic that only feeds a dangling port will be removed. ;
; mem1  ; Output ; Info     ; Connected to dangling logic. Logic that only feeds a dangling port will be removed. ;
; mem2  ; Output ; Info     ; Connected to dangling logic. Logic that only feeds a dangling port will be removed. ;
; mem3  ; Output ; Info     ; Connected to dangling logic. Logic that only feeds a dangling port will be removed. ;
; mem4  ; Output ; Info     ; Connected to dangling logic. Logic that only feeds a dangling port will be removed. ;
; mem5  ; Output ; Info     ; Connected to dangling logic. Logic that only feeds a dangling port will be removed. ;
; mem6  ; Output ; Info     ; Connected to dangling logic. Logic that only feeds a dangling port will be removed. ;
; mem7  ; Output ; Info     ; Connected to dangling logic. Logic that only feeds a dangling port will be removed. ;
; mem8  ; Output ; Info     ; Connected to dangling logic. Logic that only feeds a dangling port will be removed. ;
; mem9  ; Output ; Info     ; Connected to dangling logic. Logic that only feeds a dangling port will be removed. ;
; mem10 ; Output ; Info     ; Connected to dangling logic. Logic that only feeds a dangling port will be removed. ;
; mem11 ; Output ; Info     ; Connected to dangling logic. Logic that only feeds a dangling port will be removed. ;
; mem12 ; Output ; Info     ; Connected to dangling logic. Logic that only feeds a dangling port will be removed. ;
; mem13 ; Output ; Info     ; Connected to dangling logic. Logic that only feeds a dangling port will be removed. ;
; mem14 ; Output ; Info     ; Connected to dangling logic. Logic that only feeds a dangling port will be removed. ;
; mem15 ; Output ; Info     ; Connected to dangling logic. Logic that only feeds a dangling port will be removed. ;
; mem16 ; Output ; Info     ; Connected to dangling logic. Logic that only feeds a dangling port will be removed. ;
; mem17 ; Output ; Info     ; Connected to dangling logic. Logic that only feeds a dangling port will be removed. ;
; mem18 ; Output ; Info     ; Connected to dangling logic. Logic that only feeds a dangling port will be removed. ;
; mem19 ; Output ; Info     ; Connected to dangling logic. Logic that only feeds a dangling port will be removed. ;
; mem20 ; Output ; Info     ; Connected to dangling logic. Logic that only feeds a dangling port will be removed. ;
; mem21 ; Output ; Info     ; Connected to dangling logic. Logic that only feeds a dangling port will be removed. ;
; mem22 ; Output ; Info     ; Connected to dangling logic. Logic that only feeds a dangling port will be removed. ;
; mem23 ; Output ; Info     ; Connected to dangling logic. Logic that only feeds a dangling port will be removed. ;
; mem24 ; Output ; Info     ; Connected to dangling logic. Logic that only feeds a dangling port will be removed. ;
; mem25 ; Output ; Info     ; Connected to dangling logic. Logic that only feeds a dangling port will be removed. ;
; mem26 ; Output ; Info     ; Connected to dangling logic. Logic that only feeds a dangling port will be removed. ;
; mem27 ; Output ; Info     ; Connected to dangling logic. Logic that only feeds a dangling port will be removed. ;
; mem28 ; Output ; Info     ; Connected to dangling logic. Logic that only feeds a dangling port will be removed. ;
; mem29 ; Output ; Info     ; Connected to dangling logic. Logic that only feeds a dangling port will be removed. ;
; mem30 ; Output ; Info     ; Connected to dangling logic. Logic that only feeds a dangling port will be removed. ;
; mem31 ; Output ; Info     ; Connected to dangling logic. Logic that only feeds a dangling port will be removed. ;
+-------+--------+----------+-------------------------------------------------------------------------------------+


+----------------------------------------------------------------------------------------------------------------------+
; Port Connectivity Checks: "alu:alu"                                                                                  ;
+------------+--------+----------+-------------------------------------------------------------------------------------+
; Port       ; Type   ; Severity ; Details                                                                             ;
+------------+--------+----------+-------------------------------------------------------------------------------------+
; aluresult1 ; Output ; Info     ; Connected to dangling logic. Logic that only feeds a dangling port will be removed. ;
+------------+--------+----------+-------------------------------------------------------------------------------------+


+-----------------------------------------------------------------------------------------------------------------+
; Port Connectivity Checks: "registradores:registradores"                                                         ;
+-------+--------+----------+-------------------------------------------------------------------------------------+
; Port  ; Type   ; Severity ; Details                                                                             ;
+-------+--------+----------+-------------------------------------------------------------------------------------+
; reg0  ; Output ; Info     ; Connected to dangling logic. Logic that only feeds a dangling port will be removed. ;
; reg1  ; Output ; Info     ; Connected to dangling logic. Logic that only feeds a dangling port will be removed. ;
; reg2  ; Output ; Info     ; Connected to dangling logic. Logic that only feeds a dangling port will be removed. ;
; reg3  ; Output ; Info     ; Connected to dangling logic. Logic that only feeds a dangling port will be removed. ;
; reg4  ; Output ; Info     ; Connected to dangling logic. Logic that only feeds a dangling port will be removed. ;
; reg5  ; Output ; Info     ; Connected to dangling logic. Logic that only feeds a dangling port will be removed. ;
; reg6  ; Output ; Info     ; Connected to dangling logic. Logic that only feeds a dangling port will be removed. ;
; reg7  ; Output ; Info     ; Connected to dangling logic. Logic that only feeds a dangling port will be removed. ;
; reg8  ; Output ; Info     ; Connected to dangling logic. Logic that only feeds a dangling port will be removed. ;
; reg9  ; Output ; Info     ; Connected to dangling logic. Logic that only feeds a dangling port will be removed. ;
; reg10 ; Output ; Info     ; Connected to dangling logic. Logic that only feeds a dangling port will be removed. ;
; reg11 ; Output ; Info     ; Connected to dangling logic. Logic that only feeds a dangling port will be removed. ;
; reg12 ; Output ; Info     ; Connected to dangling logic. Logic that only feeds a dangling port will be removed. ;
; reg13 ; Output ; Info     ; Connected to dangling logic. Logic that only feeds a dangling port will be removed. ;
; reg14 ; Output ; Info     ; Connected to dangling logic. Logic that only feeds a dangling port will be removed. ;
; reg15 ; Output ; Info     ; Connected to dangling logic. Logic that only feeds a dangling port will be removed. ;
; reg16 ; Output ; Info     ; Connected to dangling logic. Logic that only feeds a dangling port will be removed. ;
; reg17 ; Output ; Info     ; Connected to dangling logic. Logic that only feeds a dangling port will be removed. ;
; reg18 ; Output ; Info     ; Connected to dangling logic. Logic that only feeds a dangling port will be removed. ;
; reg19 ; Output ; Info     ; Connected to dangling logic. Logic that only feeds a dangling port will be removed. ;
; reg20 ; Output ; Info     ; Connected to dangling logic. Logic that only feeds a dangling port will be removed. ;
; reg21 ; Output ; Info     ; Connected to dangling logic. Logic that only feeds a dangling port will be removed. ;
; reg22 ; Output ; Info     ; Connected to dangling logic. Logic that only feeds a dangling port will be removed. ;
; reg23 ; Output ; Info     ; Connected to dangling logic. Logic that only feeds a dangling port will be removed. ;
; reg24 ; Output ; Info     ; Connected to dangling logic. Logic that only feeds a dangling port will be removed. ;
; reg25 ; Output ; Info     ; Connected to dangling logic. Logic that only feeds a dangling port will be removed. ;
; reg26 ; Output ; Info     ; Connected to dangling logic. Logic that only feeds a dangling port will be removed. ;
; reg27 ; Output ; Info     ; Connected to dangling logic. Logic that only feeds a dangling port will be removed. ;
; reg28 ; Output ; Info     ; Connected to dangling logic. Logic that only feeds a dangling port will be removed. ;
; reg29 ; Output ; Info     ; Connected to dangling logic. Logic that only feeds a dangling port will be removed. ;
; reg30 ; Output ; Info     ; Connected to dangling logic. Logic that only feeds a dangling port will be removed. ;
; reg31 ; Output ; Info     ; Connected to dangling logic. Logic that only feeds a dangling port will be removed. ;
+-------+--------+----------+-------------------------------------------------------------------------------------+


+-----------------------------------------------------------------------------------------------------------------+
; Port Connectivity Checks: "sinaisdecontrole:sinaisdecontrole"                                                   ;
+-------+--------+----------+-------------------------------------------------------------------------------------+
; Port  ; Type   ; Severity ; Details                                                                             ;
+-------+--------+----------+-------------------------------------------------------------------------------------+
; aluop ; Output ; Info     ; Connected to dangling logic. Logic that only feeds a dangling port will be removed. ;
+-------+--------+----------+-------------------------------------------------------------------------------------+


+------------------------------------------------------------------------------------------------------------------+
; Port Connectivity Checks: "decodificacao:decodificacao"                                                          ;
+--------+--------+----------+-------------------------------------------------------------------------------------+
; Port   ; Type   ; Severity ; Details                                                                             ;
+--------+--------+----------+-------------------------------------------------------------------------------------+
; opcode ; Output ; Info     ; Connected to dangling logic. Logic that only feeds a dangling port will be removed. ;
+--------+--------+----------+-------------------------------------------------------------------------------------+


+-----------------------------------------------------+
; Post-Synthesis Netlist Statistics for Top Partition ;
+-------------------+---------------------------------+
; Type              ; Count                           ;
+-------------------+---------------------------------+
; boundary_port     ; 2                               ;
;                   ;                                 ;
; Max LUT depth     ; 0.00                            ;
; Average LUT depth ; 0.00                            ;
+-------------------+---------------------------------+


+-------------------------------+
; Elapsed Time Per Partition    ;
+----------------+--------------+
; Partition Name ; Elapsed Time ;
+----------------+--------------+
; Top            ; 00:00:00     ;
+----------------+--------------+


+-------------------------------+
; Analysis & Synthesis Messages ;
+-------------------------------+
Info: *******************************************************************
Info: Running Quartus Prime Analysis & Synthesis
    Info: Version 17.0.0 Build 595 04/25/2017 SJ Lite Edition
    Info: Processing started: Wed Jun 07 15:32:49 2023
Info: Command: quartus_map --read_settings_files=on --write_settings_files=off Caminho_de_dados -c Caminho_de_dados
Warning (18236): Number of processors has not been specified which may cause overloading on shared machines.  Set the global assignment NUM_PARALLEL_PROCESSORS in your QSF to an appropriate value for best performance.
Info (20030): Parallel compilation is enabled and will use 4 of the 4 processors detected
Info (12021): Found 1 design units, including 1 entities, in source file alu.v
    Info (12023): Found entity 1: alu File: C:/Users/itall/OneDrive/Documentos/Meus Projetos/Caminho-de-dados-RISCV/Quartus/alu.v Line: 1
Info (12021): Found 1 design units, including 1 entities, in source file clock.v
    Info (12023): Found entity 1: clock File: C:/Users/itall/OneDrive/Documentos/Meus Projetos/Caminho-de-dados-RISCV/Quartus/clock.v Line: 1
Info (12021): Found 1 design units, including 1 entities, in source file decodificacao.v
    Info (12023): Found entity 1: decodificacao File: C:/Users/itall/OneDrive/Documentos/Meus Projetos/Caminho-de-dados-RISCV/Quartus/decodificacao.v Line: 1
Info (12021): Found 1 design units, including 1 entities, in source file lerinstrucao.v
    Info (12023): Found entity 1: lerinstrucao File: C:/Users/itall/OneDrive/Documentos/Meus Projetos/Caminho-de-dados-RISCV/Quartus/lerinstrucao.v Line: 1
Info (12021): Found 1 design units, including 1 entities, in source file memoria.v
    Info (12023): Found entity 1: memoria File: C:/Users/itall/OneDrive/Documentos/Meus Projetos/Caminho-de-dados-RISCV/Quartus/memoria.v Line: 1
Info (12021): Found 1 design units, including 1 entities, in source file registradores.v
    Info (12023): Found entity 1: registradores File: C:/Users/itall/OneDrive/Documentos/Meus Projetos/Caminho-de-dados-RISCV/Quartus/registradores.v Line: 1
Info (12021): Found 1 design units, including 1 entities, in source file sinaisdecontrole.v
    Info (12023): Found entity 1: sinaisdecontrole File: C:/Users/itall/OneDrive/Documentos/Meus Projetos/Caminho-de-dados-RISCV/Quartus/sinaisdecontrole.v Line: 1
Info (12021): Found 1 design units, including 1 entities, in source file somapc.v
    Info (12023): Found entity 1: somapc File: C:/Users/itall/OneDrive/Documentos/Meus Projetos/Caminho-de-dados-RISCV/Quartus/somapc.v Line: 1
Info (12021): Found 1 design units, including 1 entities, in source file main.v
    Info (12023): Found entity 1: main File: C:/Users/itall/OneDrive/Documentos/Meus Projetos/Caminho-de-dados-RISCV/Quartus/main.v Line: 14
Info (12021): Found 1 design units, including 1 entities, in source file caminho_tb.v
    Info (12023): Found entity 1: caminho_tb File: C:/Users/itall/OneDrive/Documentos/Meus Projetos/Caminho-de-dados-RISCV/Quartus/caminho_tb.v Line: 3
Info (12127): Elaborating entity "main" for the top level hierarchy
Warning (10175): Verilog HDL warning at main.v(151): ignoring unsupported system task File: C:/Users/itall/OneDrive/Documentos/Meus Projetos/Caminho-de-dados-RISCV/Quartus/main.v Line: 151
Info (12128): Elaborating entity "clock" for hierarchy "clock:clock" File: C:/Users/itall/OneDrive/Documentos/Meus Projetos/Caminho-de-dados-RISCV/Quartus/main.v Line: 92
Info (12128): Elaborating entity "somapc" for hierarchy "somapc:somapc" File: C:/Users/itall/OneDrive/Documentos/Meus Projetos/Caminho-de-dados-RISCV/Quartus/main.v Line: 94
Info (12128): Elaborating entity "lerinstrucao" for hierarchy "lerinstrucao:lerinstrucao" File: C:/Users/itall/OneDrive/Documentos/Meus Projetos/Caminho-de-dados-RISCV/Quartus/main.v Line: 96
Warning (10855): Verilog HDL warning at lerinstrucao.v(10): initial value for variable instrucao should be constant File: C:/Users/itall/OneDrive/Documentos/Meus Projetos/Caminho-de-dados-RISCV/Quartus/lerinstrucao.v Line: 10
Warning (10030): Net "instrucoes.data_a" at lerinstrucao.v(7) has no driver or initial value, using a default initial value '0' File: C:/Users/itall/OneDrive/Documentos/Meus Projetos/Caminho-de-dados-RISCV/Quartus/lerinstrucao.v Line: 7
Warning (10030): Net "instrucoes.waddr_a" at lerinstrucao.v(7) has no driver or initial value, using a default initial value '0' File: C:/Users/itall/OneDrive/Documentos/Meus Projetos/Caminho-de-dados-RISCV/Quartus/lerinstrucao.v Line: 7
Warning (10030): Net "instrucoes.we_a" at lerinstrucao.v(7) has no driver or initial value, using a default initial value '0' File: C:/Users/itall/OneDrive/Documentos/Meus Projetos/Caminho-de-dados-RISCV/Quartus/lerinstrucao.v Line: 7
Info (12128): Elaborating entity "decodificacao" for hierarchy "decodificacao:decodificacao" File: C:/Users/itall/OneDrive/Documentos/Meus Projetos/Caminho-de-dados-RISCV/Quartus/main.v Line: 98
Warning (10230): Verilog HDL assignment warning at decodificacao.v(60): truncated value with size 32 to match size of target (12) File: C:/Users/itall/OneDrive/Documentos/Meus Projetos/Caminho-de-dados-RISCV/Quartus/decodificacao.v Line: 60
Warning (10034): Output port "opcode" at decodificacao.v(5) has no driver File: C:/Users/itall/OneDrive/Documentos/Meus Projetos/Caminho-de-dados-RISCV/Quartus/decodificacao.v Line: 5
Info (12128): Elaborating entity "sinaisdecontrole" for hierarchy "sinaisdecontrole:sinaisdecontrole" File: C:/Users/itall/OneDrive/Documentos/Meus Projetos/Caminho-de-dados-RISCV/Quartus/main.v Line: 100
Warning (10034): Output port "aluop" at sinaisdecontrole.v(8) has no driver File: C:/Users/itall/OneDrive/Documentos/Meus Projetos/Caminho-de-dados-RISCV/Quartus/sinaisdecontrole.v Line: 8
Info (12128): Elaborating entity "registradores" for hierarchy "registradores:registradores" File: C:/Users/itall/OneDrive/Documentos/Meus Projetos/Caminho-de-dados-RISCV/Quartus/main.v Line: 102
Info (12128): Elaborating entity "alu" for hierarchy "alu:alu" File: C:/Users/itall/OneDrive/Documentos/Meus Projetos/Caminho-de-dados-RISCV/Quartus/main.v Line: 104
Info (12128): Elaborating entity "memoria" for hierarchy "memoria:memoria" File: C:/Users/itall/OneDrive/Documentos/Meus Projetos/Caminho-de-dados-RISCV/Quartus/main.v Line: 106
Info (16010): Generating hard_block partition "hard_block:auto_generated_inst"
    Info (16011): Adding 0 node(s), including 0 DDIO, 0 PLL, 0 transceiver and 0 LCELL
Warning (21074): Design contains 2 input pin(s) that do not drive logic
    Warning (15610): No output dependent on input pin "clk" File: C:/Users/itall/OneDrive/Documentos/Meus Projetos/Caminho-de-dados-RISCV/Quartus/main.v Line: 16
    Warning (15610): No output dependent on input pin "rst" File: C:/Users/itall/OneDrive/Documentos/Meus Projetos/Caminho-de-dados-RISCV/Quartus/main.v Line: 16
Info (21057): Implemented 2 device resources after synthesis - the final resource count might be different
    Info (21058): Implemented 2 input pins
    Info (21059): Implemented 0 output pins
Info: Quartus Prime Analysis & Synthesis was successful. 0 errors, 12 warnings
    Info: Peak virtual memory: 4742 megabytes
    Info: Processing ended: Wed Jun 07 15:33:03 2023
    Info: Elapsed time: 00:00:14
    Info: Total CPU time (on all processors): 00:00:15


