#! /usr/bin/vvp
:ivl_version "11.0 (stable)";
:ivl_delay_selection "TYPICAL";
:vpi_time_precision + 0;
:vpi_module "/usr/lib/x86_64-linux-gnu/ivl/system.vpi";
:vpi_module "/usr/lib/x86_64-linux-gnu/ivl/vhdl_sys.vpi";
:vpi_module "/usr/lib/x86_64-linux-gnu/ivl/vhdl_textio.vpi";
:vpi_module "/usr/lib/x86_64-linux-gnu/ivl/v2005_math.vpi";
:vpi_module "/usr/lib/x86_64-linux-gnu/ivl/va_math.vpi";
S_0x564e274a33b0 .scope module, "main" "main" 2 12;
 .timescale 0 0;
P_0x564e27405c60 .param/l "EX" 0 2 57, C4<010>;
P_0x564e27405ca0 .param/l "FIM" 0 2 60, C4<110>;
P_0x564e27405ce0 .param/l "ID" 0 2 56, C4<001>;
P_0x564e27405d20 .param/l "IF" 0 2 55, C4<000>;
P_0x564e27405d60 .param/l "MEM" 0 2 58, C4<011>;
P_0x564e27405da0 .param/l "WB" 0 2 59, C4<100>;
v0x564e274c5080_0 .net "PC", 31 0, v0x564e274c4bc0_0;  1 drivers
v0x564e274c51b0_0 .net "alucontrol", 3 0, v0x564e274c3ec0_0;  1 drivers
v0x564e274c52c0_0 .net "aluresult1", 31 0, v0x564e27477b40_0;  1 drivers
v0x564e274c5360_0 .net "aluresult2", 31 0, v0x564e27480630_0;  1 drivers
v0x564e274c5400_0 .net "alusrc", 0 0, v0x564e274c4060_0;  1 drivers
v0x564e274c5540_0 .net "branch", 0 0, v0x564e274c4160_0;  1 drivers
v0x564e274c5630_0 .net "clk", 0 0, v0x564e274ba0e0_0;  1 drivers
v0x564e274c57e0_0 .var "estado", 2 0;
v0x564e274c58a0_0 .net "funct3", 2 0, v0x564e274ba530_0;  1 drivers
v0x564e274c5960_0 .net "funct7", 6 0, v0x564e274ba5d0_0;  1 drivers
v0x564e274c5a70_0 .net "immediate", 11 0, v0x564e274ba6b0_0;  1 drivers
v0x564e274c5bc0_0 .net "instrucao", 31 0, v0x564e274bb310_0;  1 drivers
v0x564e274c5c80_0 .net "mem0", 31 0, v0x564e274bc170_0;  1 drivers
v0x564e274c5d40_0 .net "mem1", 31 0, v0x564e274bc2a0_0;  1 drivers
v0x564e274c5de0_0 .net "mem10", 31 0, v0x564e274bc380_0;  1 drivers
v0x564e274c5e80_0 .net "mem11", 31 0, v0x564e274bc460_0;  1 drivers
v0x564e274c5f20_0 .net "mem12", 31 0, v0x564e274bc540_0;  1 drivers
v0x564e274c60d0_0 .net "mem13", 31 0, v0x564e274bc6b0_0;  1 drivers
v0x564e274c6170_0 .net "mem14", 31 0, v0x564e274bc790_0;  1 drivers
v0x564e274c6210_0 .net "mem15", 31 0, v0x564e274bc870_0;  1 drivers
v0x564e274c62e0_0 .net "mem16", 31 0, v0x564e274bc950_0;  1 drivers
v0x564e274c63b0_0 .net "mem17", 31 0, v0x564e274bca30_0;  1 drivers
v0x564e274c6480_0 .net "mem18", 31 0, v0x564e274bcb10_0;  1 drivers
v0x564e274c6550_0 .net "mem19", 31 0, v0x564e274bcbf0_0;  1 drivers
v0x564e274c6620_0 .net "mem2", 31 0, v0x564e274bccd0_0;  1 drivers
v0x564e274c66f0_0 .net "mem20", 31 0, v0x564e274bcec0_0;  1 drivers
v0x564e274c67c0_0 .net "mem21", 31 0, v0x564e274bcfa0_0;  1 drivers
v0x564e274c6890_0 .net "mem22", 31 0, v0x564e274bd080_0;  1 drivers
v0x564e274c6960_0 .net "mem23", 31 0, v0x564e274bd160_0;  1 drivers
v0x564e274c6a30_0 .net "mem24", 31 0, v0x564e274bd240_0;  1 drivers
v0x564e274c6b00_0 .net "mem25", 31 0, v0x564e274bd320_0;  1 drivers
v0x564e274c6bd0_0 .net "mem26", 31 0, v0x564e274bd400_0;  1 drivers
v0x564e274c6ca0_0 .net "mem27", 31 0, v0x564e274bd4e0_0;  1 drivers
v0x564e274c6f80_0 .net "mem28", 31 0, v0x564e274bd5c0_0;  1 drivers
v0x564e274c7050_0 .net "mem29", 31 0, v0x564e274bd6a0_0;  1 drivers
v0x564e274c7120_0 .net "mem3", 31 0, v0x564e274bd780_0;  1 drivers
v0x564e274c71f0_0 .net "mem30", 31 0, v0x564e274bd860_0;  1 drivers
v0x564e274c72c0_0 .net "mem31", 31 0, v0x564e274bd940_0;  1 drivers
v0x564e274c7390_0 .net "mem32", 31 0, v0x564e274bda20_0;  1 drivers
v0x564e274c7460_0 .net "mem33", 31 0, v0x564e274bdb00_0;  1 drivers
v0x564e274c7530_0 .net "mem34", 31 0, v0x564e274bdbe0_0;  1 drivers
v0x564e274c7600_0 .net "mem35", 31 0, v0x564e274bdcc0_0;  1 drivers
v0x564e274c76d0_0 .net "mem36", 31 0, v0x564e274bdda0_0;  1 drivers
v0x564e274c77a0_0 .net "mem37", 31 0, v0x564e274bde80_0;  1 drivers
v0x564e274c7870_0 .net "mem38", 31 0, v0x564e274bdf60_0;  1 drivers
v0x564e274c7940_0 .net "mem39", 31 0, v0x564e274be040_0;  1 drivers
v0x564e274c7a10_0 .net "mem4", 31 0, v0x564e274be120_0;  1 drivers
v0x564e274c7ae0_0 .net "mem40", 31 0, v0x564e274be200_0;  1 drivers
v0x564e274c7bb0_0 .net "mem41", 31 0, v0x564e274be2e0_0;  1 drivers
v0x564e274c7c80_0 .net "mem42", 31 0, v0x564e274be3c0_0;  1 drivers
v0x564e274c7d50_0 .net "mem43", 31 0, v0x564e274be4a0_0;  1 drivers
v0x564e274c7e20_0 .net "mem44", 31 0, v0x564e274be580_0;  1 drivers
v0x564e274c7ef0_0 .net "mem45", 31 0, v0x564e274be660_0;  1 drivers
v0x564e274c7fc0_0 .net "mem46", 31 0, v0x564e274be740_0;  1 drivers
v0x564e274c8090_0 .net "mem47", 31 0, v0x564e274be820_0;  1 drivers
v0x564e274c8160_0 .net "mem48", 31 0, v0x564e274be900_0;  1 drivers
v0x564e274c8230_0 .net "mem49", 31 0, v0x564e274be9e0_0;  1 drivers
v0x564e274c8300_0 .net "mem5", 31 0, v0x564e274beac0_0;  1 drivers
v0x564e274c83d0_0 .net "mem50", 31 0, v0x564e274beba0_0;  1 drivers
v0x564e274c84a0_0 .net "mem51", 31 0, v0x564e274bec80_0;  1 drivers
v0x564e274c8570_0 .net "mem52", 31 0, v0x564e274bed60_0;  1 drivers
v0x564e274c8640_0 .net "mem53", 31 0, v0x564e274bee40_0;  1 drivers
v0x564e274c8710_0 .net "mem54", 31 0, v0x564e274bef20_0;  1 drivers
v0x564e274c87e0_0 .net "mem55", 31 0, v0x564e274bf000_0;  1 drivers
v0x564e274c88b0_0 .net "mem56", 31 0, v0x564e274bf0e0_0;  1 drivers
v0x564e274c8d90_0 .net "mem57", 31 0, v0x564e274bf1c0_0;  1 drivers
v0x564e274c8e60_0 .net "mem58", 31 0, v0x564e274bf2a0_0;  1 drivers
v0x564e274c8f30_0 .net "mem59", 31 0, v0x564e274bf380_0;  1 drivers
v0x564e274c9000_0 .net "mem6", 31 0, v0x564e274bf460_0;  1 drivers
v0x564e274c90d0_0 .net "mem60", 31 0, v0x564e274bf540_0;  1 drivers
v0x564e274c91a0_0 .net "mem61", 31 0, v0x564e274bf620_0;  1 drivers
v0x564e274c9270_0 .net "mem62", 31 0, v0x564e274bf700_0;  1 drivers
v0x564e274c9340_0 .net "mem63", 31 0, v0x564e274bf7e0_0;  1 drivers
v0x564e274c9410_0 .net "mem7", 31 0, v0x564e274bfcd0_0;  1 drivers
v0x564e274c94e0_0 .net "mem8", 31 0, v0x564e274bfdb0_0;  1 drivers
v0x564e274c95b0_0 .net "mem9", 31 0, v0x564e274bfe90_0;  1 drivers
v0x564e274c9680_0 .net "memread", 0 0, v0x564e274c4490_0;  1 drivers
v0x564e274c9770_0 .net "memtoreg", 0 0, v0x564e274c4560_0;  1 drivers
v0x564e274c9860_0 .net "memwrite", 0 0, v0x564e274c4630_0;  1 drivers
v0x564e274c9950_0 .net "opcode", 6 0, v0x564e274ba880_0;  1 drivers
v0x564e274c99f0_0 .net "pcsrc", 0 0, v0x564e274b9b30_0;  1 drivers
v0x564e274c9ae0_0 .net "rd", 4 0, v0x564e274ba960_0;  1 drivers
v0x564e274c9bd0_0 .net "readdata1R", 31 0, v0x564e274c1680_0;  1 drivers
v0x564e274c9ce0_0 .net "readdata2R", 31 0, v0x564e274c1720_0;  1 drivers
v0x564e274c9df0_0 .net "reddataM", 31 0, v0x564e274c01b0_0;  1 drivers
v0x564e274c9f00_0 .net "reg0", 31 0, v0x564e274c1950_0;  1 drivers
v0x564e274c9fc0_0 .net "reg1", 31 0, v0x564e274c1a10_0;  1 drivers
v0x564e274ca060_0 .net "reg10", 31 0, v0x564e274c1af0_0;  1 drivers
v0x564e274ca100_0 .net "reg11", 31 0, v0x564e274c1bd0_0;  1 drivers
v0x564e274ca1a0_0 .net "reg12", 31 0, v0x564e274c1cb0_0;  1 drivers
v0x564e274ca240_0 .net "reg13", 31 0, v0x564e274c1d90_0;  1 drivers
v0x564e274ca2e0_0 .net "reg14", 31 0, v0x564e274c1e70_0;  1 drivers
v0x564e274ca380_0 .net "reg15", 31 0, v0x564e274c1f50_0;  1 drivers
v0x564e274ca450_0 .net "reg16", 31 0, v0x564e274c2030_0;  1 drivers
v0x564e274ca520_0 .net "reg17", 31 0, v0x564e274c2110_0;  1 drivers
v0x564e274ca5f0_0 .net "reg18", 31 0, v0x564e274c21f0_0;  1 drivers
v0x564e274ca6c0_0 .net "reg19", 31 0, v0x564e274c22d0_0;  1 drivers
v0x564e274ca790_0 .net "reg2", 31 0, v0x564e274c23b0_0;  1 drivers
v0x564e274ca860_0 .net "reg20", 31 0, v0x564e274c2490_0;  1 drivers
v0x564e274ca930_0 .net "reg21", 31 0, v0x564e274c2570_0;  1 drivers
v0x564e274caa00_0 .net "reg22", 31 0, v0x564e274c2650_0;  1 drivers
v0x564e274caad0_0 .net "reg23", 31 0, v0x564e274c2730_0;  1 drivers
v0x564e274caba0_0 .net "reg24", 31 0, v0x564e274c2810_0;  1 drivers
v0x564e274cac70_0 .net "reg25", 31 0, v0x564e274c28f0_0;  1 drivers
v0x564e274cad40_0 .net "reg26", 31 0, v0x564e274c29d0_0;  1 drivers
v0x564e274cae10_0 .net "reg27", 31 0, v0x564e274c2ab0_0;  1 drivers
v0x564e274caee0_0 .net "reg28", 31 0, v0x564e274c2b90_0;  1 drivers
v0x564e274cafb0_0 .net "reg29", 31 0, v0x564e274c2c70_0;  1 drivers
v0x564e274cb080_0 .net "reg3", 31 0, v0x564e274c2d50_0;  1 drivers
v0x564e274cb150_0 .net "reg30", 31 0, v0x564e274c2e30_0;  1 drivers
v0x564e274cb220_0 .net "reg31", 31 0, v0x564e274c2f10_0;  1 drivers
v0x564e274cb2f0_0 .net "reg4", 31 0, v0x564e274c2ff0_0;  1 drivers
v0x564e274cb3c0_0 .net "reg5", 31 0, v0x564e274c30d0_0;  1 drivers
v0x564e274cb490_0 .net "reg6", 31 0, v0x564e274c31b0_0;  1 drivers
v0x564e274cb560_0 .net "reg7", 31 0, v0x564e274c3290_0;  1 drivers
v0x564e274cb630_0 .net "reg8", 31 0, v0x564e274c3370_0;  1 drivers
v0x564e274cb700_0 .net "reg9", 31 0, v0x564e274c3450_0;  1 drivers
v0x564e274cb7d0_0 .net "regiwrite", 0 0, v0x564e274c4700_0;  1 drivers
v0x564e274cb8c0_0 .net "rs1", 4 0, v0x564e274baa40_0;  1 drivers
v0x564e274cb9b0_0 .net "rs2", 4 0, v0x564e274babb0_0;  1 drivers
v0x564e274cba70_0 .net "tipo", 2 0, v0x564e274bac90_0;  1 drivers
S_0x564e273eda50 .scope module, "alu" "alu" 2 78, 3 1 0, S_0x564e274a33b0;
 .timescale 0 0;
    .port_info 0 /INPUT 1 "clk";
    .port_info 1 /INPUT 32 "readdata1R";
    .port_info 2 /INPUT 32 "readdata2R";
    .port_info 3 /INPUT 1 "alusrc";
    .port_info 4 /INPUT 4 "alucontrol";
    .port_info 5 /INPUT 12 "immediate";
    .port_info 6 /OUTPUT 32 "aluresult1";
    .port_info 7 /OUTPUT 32 "aluresult2";
    .port_info 8 /OUTPUT 1 "pcsrc";
    .port_info 9 /INPUT 1 "branch";
    .port_info 10 /INPUT 3 "estado";
v0x564e274a4960_0 .net "alucontrol", 3 0, v0x564e274c3ec0_0;  alias, 1 drivers
v0x564e27477b40_0 .var "aluresult1", 31 0;
v0x564e27480630_0 .var "aluresult2", 31 0;
v0x564e2748ac50_0 .net "alusrc", 0 0, v0x564e274c4060_0;  alias, 1 drivers
v0x564e274a0c20_0 .net "branch", 0 0, v0x564e274c4160_0;  alias, 1 drivers
v0x564e27478c30_0 .net "clk", 0 0, v0x564e274ba0e0_0;  alias, 1 drivers
v0x564e2747ba80_0 .net "estado", 2 0, v0x564e274c57e0_0;  1 drivers
v0x564e274b9a50_0 .net "immediate", 11 0, v0x564e274ba6b0_0;  alias, 1 drivers
v0x564e274b9b30_0 .var "pcsrc", 0 0;
v0x564e274b9bf0_0 .net "readdata1R", 31 0, v0x564e274c1680_0;  alias, 1 drivers
v0x564e274b9cd0_0 .net "readdata2R", 31 0, v0x564e274c1720_0;  alias, 1 drivers
E_0x564e2741ea20 .event posedge, v0x564e27478c30_0;
S_0x564e274b9f10 .scope module, "clock" "clock" 2 72, 4 1 0, S_0x564e274a33b0;
 .timescale 0 0;
    .port_info 0 /OUTPUT 1 "clk";
v0x564e274ba0e0_0 .var "clk", 0 0;
S_0x564e274ba1c0 .scope module, "decodificacao" "decodificacao" 2 75, 5 1 0, S_0x564e274a33b0;
 .timescale 0 0;
    .port_info 0 /INPUT 32 "instrucao";
    .port_info 1 /OUTPUT 7 "opcode";
    .port_info 2 /OUTPUT 5 "rd";
    .port_info 3 /OUTPUT 5 "rs1";
    .port_info 4 /OUTPUT 5 "rs2";
    .port_info 5 /OUTPUT 3 "funct3";
    .port_info 6 /OUTPUT 7 "funct7";
    .port_info 7 /OUTPUT 12 "immediate";
    .port_info 8 /OUTPUT 3 "tipo";
    .port_info 9 /INPUT 1 "clk";
    .port_info 10 /INPUT 3 "estado";
v0x564e274ba3a0_0 .net "clk", 0 0, v0x564e274ba0e0_0;  alias, 1 drivers
v0x564e274ba490_0 .net "estado", 2 0, v0x564e274c57e0_0;  alias, 1 drivers
v0x564e274ba530_0 .var "funct3", 2 0;
v0x564e274ba5d0_0 .var "funct7", 6 0;
v0x564e274ba6b0_0 .var "immediate", 11 0;
v0x564e274ba7c0_0 .net "instrucao", 31 0, v0x564e274bb310_0;  alias, 1 drivers
v0x564e274ba880_0 .var "opcode", 6 0;
v0x564e274ba960_0 .var "rd", 4 0;
v0x564e274baa40_0 .var "rs1", 4 0;
v0x564e274babb0_0 .var "rs2", 4 0;
v0x564e274bac90_0 .var "tipo", 2 0;
S_0x564e274baed0 .scope module, "lerinstrucao" "lerinstrucao" 2 74, 6 1 0, S_0x564e274a33b0;
 .timescale 0 0;
    .port_info 0 /OUTPUT 32 "instrucao";
    .port_info 1 /INPUT 32 "PC";
    .port_info 2 /INPUT 1 "clk";
    .port_info 3 /INPUT 3 "estado";
v0x564e274bb060_0 .net "PC", 31 0, v0x564e274c4bc0_0;  alias, 1 drivers
v0x564e274bb160_0 .net "clk", 0 0, v0x564e274ba0e0_0;  alias, 1 drivers
v0x564e274bb220_0 .net "estado", 2 0, v0x564e274c57e0_0;  alias, 1 drivers
v0x564e274bb310_0 .var "instrucao", 31 0;
v0x564e274bb3b0 .array "instrucoes", 6 0, 31 0;
S_0x564e274bb520 .scope module, "memoria" "memoria" 2 79, 7 1 0, S_0x564e274a33b0;
 .timescale 0 0;
    .port_info 0 /INPUT 1 "clk";
    .port_info 1 /INPUT 32 "aluresult2";
    .port_info 2 /INPUT 5 "rs2";
    .port_info 3 /OUTPUT 32 "reddataM";
    .port_info 4 /INPUT 1 "memwrite";
    .port_info 5 /INPUT 1 "memread";
    .port_info 6 /INPUT 12 "immediate";
    .port_info 7 /OUTPUT 32 "mem0";
    .port_info 8 /OUTPUT 32 "mem1";
    .port_info 9 /OUTPUT 32 "mem2";
    .port_info 10 /OUTPUT 32 "mem3";
    .port_info 11 /OUTPUT 32 "mem4";
    .port_info 12 /OUTPUT 32 "mem5";
    .port_info 13 /OUTPUT 32 "mem6";
    .port_info 14 /OUTPUT 32 "mem7";
    .port_info 15 /OUTPUT 32 "mem8";
    .port_info 16 /OUTPUT 32 "mem9";
    .port_info 17 /OUTPUT 32 "mem10";
    .port_info 18 /OUTPUT 32 "mem11";
    .port_info 19 /OUTPUT 32 "mem12";
    .port_info 20 /OUTPUT 32 "mem13";
    .port_info 21 /OUTPUT 32 "mem14";
    .port_info 22 /OUTPUT 32 "mem15";
    .port_info 23 /OUTPUT 32 "mem16";
    .port_info 24 /OUTPUT 32 "mem17";
    .port_info 25 /OUTPUT 32 "mem18";
    .port_info 26 /OUTPUT 32 "mem19";
    .port_info 27 /OUTPUT 32 "mem20";
    .port_info 28 /OUTPUT 32 "mem21";
    .port_info 29 /OUTPUT 32 "mem22";
    .port_info 30 /OUTPUT 32 "mem23";
    .port_info 31 /OUTPUT 32 "mem24";
    .port_info 32 /OUTPUT 32 "mem25";
    .port_info 33 /OUTPUT 32 "mem26";
    .port_info 34 /OUTPUT 32 "mem27";
    .port_info 35 /OUTPUT 32 "mem28";
    .port_info 36 /OUTPUT 32 "mem29";
    .port_info 37 /OUTPUT 32 "mem30";
    .port_info 38 /OUTPUT 32 "mem31";
    .port_info 39 /OUTPUT 32 "mem32";
    .port_info 40 /OUTPUT 32 "mem33";
    .port_info 41 /OUTPUT 32 "mem34";
    .port_info 42 /OUTPUT 32 "mem35";
    .port_info 43 /OUTPUT 32 "mem36";
    .port_info 44 /OUTPUT 32 "mem37";
    .port_info 45 /OUTPUT 32 "mem38";
    .port_info 46 /OUTPUT 32 "mem39";
    .port_info 47 /OUTPUT 32 "mem40";
    .port_info 48 /OUTPUT 32 "mem41";
    .port_info 49 /OUTPUT 32 "mem42";
    .port_info 50 /OUTPUT 32 "mem43";
    .port_info 51 /OUTPUT 32 "mem44";
    .port_info 52 /OUTPUT 32 "mem45";
    .port_info 53 /OUTPUT 32 "mem46";
    .port_info 54 /OUTPUT 32 "mem47";
    .port_info 55 /OUTPUT 32 "mem48";
    .port_info 56 /OUTPUT 32 "mem49";
    .port_info 57 /OUTPUT 32 "mem50";
    .port_info 58 /OUTPUT 32 "mem51";
    .port_info 59 /OUTPUT 32 "mem52";
    .port_info 60 /OUTPUT 32 "mem53";
    .port_info 61 /OUTPUT 32 "mem54";
    .port_info 62 /OUTPUT 32 "mem55";
    .port_info 63 /OUTPUT 32 "mem56";
    .port_info 64 /OUTPUT 32 "mem57";
    .port_info 65 /OUTPUT 32 "mem58";
    .port_info 66 /OUTPUT 32 "mem59";
    .port_info 67 /OUTPUT 32 "mem60";
    .port_info 68 /OUTPUT 32 "mem61";
    .port_info 69 /OUTPUT 32 "mem62";
    .port_info 70 /OUTPUT 32 "mem63";
    .port_info 71 /INPUT 3 "estado";
v0x564e274bbe20_0 .net "aluresult2", 31 0, v0x564e27480630_0;  alias, 1 drivers
v0x564e274bbf00_0 .net "clk", 0 0, v0x564e274ba0e0_0;  alias, 1 drivers
v0x564e274bc030_0 .net "estado", 2 0, v0x564e274c57e0_0;  alias, 1 drivers
v0x564e274bc0d0_0 .net "immediate", 11 0, v0x564e274ba6b0_0;  alias, 1 drivers
v0x564e274bc170_0 .var "mem0", 31 0;
v0x564e274bc2a0_0 .var "mem1", 31 0;
v0x564e274bc380_0 .var "mem10", 31 0;
v0x564e274bc460_0 .var "mem11", 31 0;
v0x564e274bc540_0 .var "mem12", 31 0;
v0x564e274bc6b0_0 .var "mem13", 31 0;
v0x564e274bc790_0 .var "mem14", 31 0;
v0x564e274bc870_0 .var "mem15", 31 0;
v0x564e274bc950_0 .var "mem16", 31 0;
v0x564e274bca30_0 .var "mem17", 31 0;
v0x564e274bcb10_0 .var "mem18", 31 0;
v0x564e274bcbf0_0 .var "mem19", 31 0;
v0x564e274bccd0_0 .var "mem2", 31 0;
v0x564e274bcec0_0 .var "mem20", 31 0;
v0x564e274bcfa0_0 .var "mem21", 31 0;
v0x564e274bd080_0 .var "mem22", 31 0;
v0x564e274bd160_0 .var "mem23", 31 0;
v0x564e274bd240_0 .var "mem24", 31 0;
v0x564e274bd320_0 .var "mem25", 31 0;
v0x564e274bd400_0 .var "mem26", 31 0;
v0x564e274bd4e0_0 .var "mem27", 31 0;
v0x564e274bd5c0_0 .var "mem28", 31 0;
v0x564e274bd6a0_0 .var "mem29", 31 0;
v0x564e274bd780_0 .var "mem3", 31 0;
v0x564e274bd860_0 .var "mem30", 31 0;
v0x564e274bd940_0 .var "mem31", 31 0;
v0x564e274bda20_0 .var "mem32", 31 0;
v0x564e274bdb00_0 .var "mem33", 31 0;
v0x564e274bdbe0_0 .var "mem34", 31 0;
v0x564e274bdcc0_0 .var "mem35", 31 0;
v0x564e274bdda0_0 .var "mem36", 31 0;
v0x564e274bde80_0 .var "mem37", 31 0;
v0x564e274bdf60_0 .var "mem38", 31 0;
v0x564e274be040_0 .var "mem39", 31 0;
v0x564e274be120_0 .var "mem4", 31 0;
v0x564e274be200_0 .var "mem40", 31 0;
v0x564e274be2e0_0 .var "mem41", 31 0;
v0x564e274be3c0_0 .var "mem42", 31 0;
v0x564e274be4a0_0 .var "mem43", 31 0;
v0x564e274be580_0 .var "mem44", 31 0;
v0x564e274be660_0 .var "mem45", 31 0;
v0x564e274be740_0 .var "mem46", 31 0;
v0x564e274be820_0 .var "mem47", 31 0;
v0x564e274be900_0 .var "mem48", 31 0;
v0x564e274be9e0_0 .var "mem49", 31 0;
v0x564e274beac0_0 .var "mem5", 31 0;
v0x564e274beba0_0 .var "mem50", 31 0;
v0x564e274bec80_0 .var "mem51", 31 0;
v0x564e274bed60_0 .var "mem52", 31 0;
v0x564e274bee40_0 .var "mem53", 31 0;
v0x564e274bef20_0 .var "mem54", 31 0;
v0x564e274bf000_0 .var "mem55", 31 0;
v0x564e274bf0e0_0 .var "mem56", 31 0;
v0x564e274bf1c0_0 .var "mem57", 31 0;
v0x564e274bf2a0_0 .var "mem58", 31 0;
v0x564e274bf380_0 .var "mem59", 31 0;
v0x564e274bf460_0 .var "mem6", 31 0;
v0x564e274bf540_0 .var "mem60", 31 0;
v0x564e274bf620_0 .var "mem61", 31 0;
v0x564e274bf700_0 .var "mem62", 31 0;
v0x564e274bf7e0_0 .var "mem63", 31 0;
v0x564e274bfcd0_0 .var "mem7", 31 0;
v0x564e274bfdb0_0 .var "mem8", 31 0;
v0x564e274bfe90_0 .var "mem9", 31 0;
v0x564e274bff70 .array "memoria", 63 0, 63 0;
v0x564e274c0030_0 .net "memread", 0 0, v0x564e274c4490_0;  alias, 1 drivers
v0x564e274c00f0_0 .net "memwrite", 0 0, v0x564e274c4630_0;  alias, 1 drivers
v0x564e274c01b0_0 .var "reddataM", 31 0;
v0x564e274c0290_0 .net "rs2", 4 0, v0x564e274babb0_0;  alias, 1 drivers
S_0x564e274c0c30 .scope module, "registradores" "registradores" 2 77, 8 1 0, S_0x564e274a33b0;
 .timescale 0 0;
    .port_info 0 /INPUT 1 "clk";
    .port_info 1 /INPUT 5 "rs1";
    .port_info 2 /INPUT 5 "rs2";
    .port_info 3 /INPUT 5 "rd";
    .port_info 4 /OUTPUT 32 "readdata1R";
    .port_info 5 /OUTPUT 32 "readdata2R";
    .port_info 6 /INPUT 1 "regiwrite";
    .port_info 7 /INPUT 1 "memtoreg";
    .port_info 8 /INPUT 32 "aluresult2";
    .port_info 9 /INPUT 32 "reddataM";
    .port_info 10 /OUTPUT 32 "reg0";
    .port_info 11 /OUTPUT 32 "reg1";
    .port_info 12 /OUTPUT 32 "reg2";
    .port_info 13 /OUTPUT 32 "reg3";
    .port_info 14 /OUTPUT 32 "reg4";
    .port_info 15 /OUTPUT 32 "reg5";
    .port_info 16 /OUTPUT 32 "reg6";
    .port_info 17 /OUTPUT 32 "reg7";
    .port_info 18 /OUTPUT 32 "reg8";
    .port_info 19 /OUTPUT 32 "reg9";
    .port_info 20 /OUTPUT 32 "reg10";
    .port_info 21 /OUTPUT 32 "reg11";
    .port_info 22 /OUTPUT 32 "reg12";
    .port_info 23 /OUTPUT 32 "reg13";
    .port_info 24 /OUTPUT 32 "reg14";
    .port_info 25 /OUTPUT 32 "reg15";
    .port_info 26 /OUTPUT 32 "reg16";
    .port_info 27 /OUTPUT 32 "reg17";
    .port_info 28 /OUTPUT 32 "reg18";
    .port_info 29 /OUTPUT 32 "reg19";
    .port_info 30 /OUTPUT 32 "reg20";
    .port_info 31 /OUTPUT 32 "reg21";
    .port_info 32 /OUTPUT 32 "reg22";
    .port_info 33 /OUTPUT 32 "reg23";
    .port_info 34 /OUTPUT 32 "reg24";
    .port_info 35 /OUTPUT 32 "reg25";
    .port_info 36 /OUTPUT 32 "reg26";
    .port_info 37 /OUTPUT 32 "reg27";
    .port_info 38 /OUTPUT 32 "reg28";
    .port_info 39 /OUTPUT 32 "reg29";
    .port_info 40 /OUTPUT 32 "reg30";
    .port_info 41 /OUTPUT 32 "reg31";
    .port_info 42 /INPUT 3 "estado";
v0x564e274c11d0_0 .net "aluresult2", 31 0, v0x564e27480630_0;  alias, 1 drivers
v0x564e274c1300 .array "bancoregistradores", 31 0, 31 0;
v0x564e274c13c0_0 .net "clk", 0 0, v0x564e274ba0e0_0;  alias, 1 drivers
v0x564e274c1460_0 .net "estado", 2 0, v0x564e274c57e0_0;  alias, 1 drivers
v0x564e274c1500_0 .net "memtoreg", 0 0, v0x564e274c4560_0;  alias, 1 drivers
v0x564e274c15c0_0 .net "rd", 4 0, v0x564e274ba960_0;  alias, 1 drivers
v0x564e274c1680_0 .var "readdata1R", 31 0;
v0x564e274c1720_0 .var "readdata2R", 31 0;
v0x564e274c17f0_0 .net "reddataM", 31 0, v0x564e274c01b0_0;  alias, 1 drivers
v0x564e274c1950_0 .var "reg0", 31 0;
v0x564e274c1a10_0 .var "reg1", 31 0;
v0x564e274c1af0_0 .var "reg10", 31 0;
v0x564e274c1bd0_0 .var "reg11", 31 0;
v0x564e274c1cb0_0 .var "reg12", 31 0;
v0x564e274c1d90_0 .var "reg13", 31 0;
v0x564e274c1e70_0 .var "reg14", 31 0;
v0x564e274c1f50_0 .var "reg15", 31 0;
v0x564e274c2030_0 .var "reg16", 31 0;
v0x564e274c2110_0 .var "reg17", 31 0;
v0x564e274c21f0_0 .var "reg18", 31 0;
v0x564e274c22d0_0 .var "reg19", 31 0;
v0x564e274c23b0_0 .var "reg2", 31 0;
v0x564e274c2490_0 .var "reg20", 31 0;
v0x564e274c2570_0 .var "reg21", 31 0;
v0x564e274c2650_0 .var "reg22", 31 0;
v0x564e274c2730_0 .var "reg23", 31 0;
v0x564e274c2810_0 .var "reg24", 31 0;
v0x564e274c28f0_0 .var "reg25", 31 0;
v0x564e274c29d0_0 .var "reg26", 31 0;
v0x564e274c2ab0_0 .var "reg27", 31 0;
v0x564e274c2b90_0 .var "reg28", 31 0;
v0x564e274c2c70_0 .var "reg29", 31 0;
v0x564e274c2d50_0 .var "reg3", 31 0;
v0x564e274c2e30_0 .var "reg30", 31 0;
v0x564e274c2f10_0 .var "reg31", 31 0;
v0x564e274c2ff0_0 .var "reg4", 31 0;
v0x564e274c30d0_0 .var "reg5", 31 0;
v0x564e274c31b0_0 .var "reg6", 31 0;
v0x564e274c3290_0 .var "reg7", 31 0;
v0x564e274c3370_0 .var "reg8", 31 0;
v0x564e274c3450_0 .var "reg9", 31 0;
v0x564e274c3530_0 .net "regiwrite", 0 0, v0x564e274c4700_0;  alias, 1 drivers
v0x564e274c35f0_0 .net "rs1", 4 0, v0x564e274baa40_0;  alias, 1 drivers
v0x564e274c36e0_0 .net "rs2", 4 0, v0x564e274babb0_0;  alias, 1 drivers
S_0x564e274c3ce0 .scope module, "sinaisdecontrole" "sinaisdecontrole" 2 76, 9 1 0, S_0x564e274a33b0;
 .timescale 0 0;
    .port_info 0 /INPUT 3 "tipo";
    .port_info 1 /OUTPUT 1 "regiwrite";
    .port_info 2 /OUTPUT 1 "memwrite";
    .port_info 3 /OUTPUT 1 "memread";
    .port_info 4 /OUTPUT 4 "alucontrol";
    .port_info 5 /INPUT 3 "funct3";
    .port_info 6 /INPUT 1 "clk";
    .port_info 7 /OUTPUT 1 "branch";
    .port_info 8 /OUTPUT 1 "memtoreg";
    .port_info 9 /OUTPUT 1 "alusrc";
    .port_info 10 /INPUT 7 "funct7";
v0x564e274c3ec0_0 .var "alucontrol", 3 0;
v0x564e274c3fa0_0 .var "aluop", 1 0;
v0x564e274c4060_0 .var "alusrc", 0 0;
v0x564e274c4160_0 .var "branch", 0 0;
v0x564e274c4230_0 .net "clk", 0 0, v0x564e274ba0e0_0;  alias, 1 drivers
v0x564e274c4320_0 .net "funct3", 2 0, v0x564e274ba530_0;  alias, 1 drivers
v0x564e274c43c0_0 .net "funct7", 6 0, v0x564e274ba5d0_0;  alias, 1 drivers
v0x564e274c4490_0 .var "memread", 0 0;
v0x564e274c4560_0 .var "memtoreg", 0 0;
v0x564e274c4630_0 .var "memwrite", 0 0;
v0x564e274c4700_0 .var "regiwrite", 0 0;
v0x564e274c47d0_0 .net "tipo", 2 0, v0x564e274bac90_0;  alias, 1 drivers
S_0x564e274c4980 .scope module, "somapc" "somapc" 2 73, 10 1 0, S_0x564e274a33b0;
 .timescale 0 0;
    .port_info 0 /OUTPUT 32 "PC";
    .port_info 1 /INPUT 1 "clk";
    .port_info 2 /INPUT 1 "pcsrc";
    .port_info 3 /INPUT 12 "immediate";
    .port_info 4 /INPUT 3 "estado";
v0x564e274c4bc0_0 .var "PC", 31 0;
v0x564e274c4cd0_0 .net "clk", 0 0, v0x564e274ba0e0_0;  alias, 1 drivers
v0x564e274c4d70_0 .net "estado", 2 0, v0x564e274c57e0_0;  alias, 1 drivers
v0x564e274c4e40_0 .net "immediate", 11 0, v0x564e274ba6b0_0;  alias, 1 drivers
v0x564e274c4ee0_0 .net "pcsrc", 0 0, v0x564e274b9b30_0;  alias, 1 drivers
    .scope S_0x564e274b9f10;
T_0 ;
    %pushi/vec4 0, 0, 1;
    %store/vec4 v0x564e274ba0e0_0, 0, 1;
    %end;
    .thread T_0;
    .scope S_0x564e274b9f10;
T_1 ;
    %load/vec4 v0x564e274ba0e0_0;
    %dup/vec4;
    %pushi/vec4 0, 0, 1;
    %cmp/u;
    %jmp/1 T_1.0, 6;
    %dup/vec4;
    %pushi/vec4 1, 0, 1;
    %cmp/u;
    %jmp/1 T_1.1, 6;
    %jmp T_1.2;
T_1.0 ;
    %delay 1, 0;
    %pushi/vec4 1, 0, 1;
    %assign/vec4 v0x564e274ba0e0_0, 0;
    %jmp T_1.2;
T_1.1 ;
    %delay 1, 0;
    %pushi/vec4 0, 0, 1;
    %assign/vec4 v0x564e274ba0e0_0, 0;
    %jmp T_1.2;
T_1.2 ;
    %pop/vec4 1;
    %jmp T_1;
    .thread T_1;
    .scope S_0x564e274c4980;
T_2 ;
    %pushi/vec4 0, 0, 32;
    %assign/vec4 v0x564e274c4bc0_0, 0;
    %end;
    .thread T_2;
    .scope S_0x564e274c4980;
T_3 ;
    %wait E_0x564e2741ea20;
    %load/vec4 v0x564e274c4d70_0;
    %cmpi/e 0, 0, 3;
    %jmp/0xz  T_3.0, 4;
    %load/vec4 v0x564e274c4ee0_0;
    %dup/vec4;
    %pushi/vec4 0, 0, 1;
    %cmp/u;
    %jmp/1 T_3.2, 6;
    %dup/vec4;
    %pushi/vec4 1, 0, 1;
    %cmp/u;
    %jmp/1 T_3.3, 6;
    %jmp T_3.4;
T_3.2 ;
    %load/vec4 v0x564e274c4bc0_0;
    %addi 1, 0, 32;
    %assign/vec4 v0x564e274c4bc0_0, 0;
    %jmp T_3.4;
T_3.3 ;
    %load/vec4 v0x564e274c4bc0_0;
    %load/vec4 v0x564e274c4e40_0;
    %pad/u 32;
    %add;
    %assign/vec4 v0x564e274c4bc0_0, 0;
    %jmp T_3.4;
T_3.4 ;
    %pop/vec4 1;
    %load/vec4 v0x564e274c4bc0_0;
    %addi 1, 0, 32;
    %assign/vec4 v0x564e274c4bc0_0, 0;
T_3.0 ;
    %jmp T_3;
    .thread T_3;
    .scope S_0x564e274baed0;
T_4 ;
    %vpi_call 6 9 "$readmemb", "entrada/assembler.bin", v0x564e274bb3b0 {0 0 0};
    %ix/getv 4, v0x564e274bb060_0;
    %load/vec4a v0x564e274bb3b0, 4;
    %assign/vec4 v0x564e274bb310_0, 0;
    %end;
    .thread T_4;
    .scope S_0x564e274baed0;
T_5 ;
    %wait E_0x564e2741ea20;
    %load/vec4 v0x564e274bb220_0;
    %cmpi/e 0, 0, 3;
    %jmp/0xz  T_5.0, 4;
    %ix/getv 4, v0x564e274bb060_0;
    %load/vec4a v0x564e274bb3b0, 4;
    %assign/vec4 v0x564e274bb310_0, 0;
T_5.0 ;
    %jmp T_5;
    .thread T_5;
    .scope S_0x564e274ba1c0;
T_6 ;
    %wait E_0x564e2741ea20;
    %load/vec4 v0x564e274ba490_0;
    %cmpi/e 1, 0, 3;
    %jmp/0xz  T_6.0, 4;
    %load/vec4 v0x564e274ba7c0_0;
    %parti/s 3, 4, 4;
    %dup/vec4;
    %pushi/vec4 0, 0, 3;
    %cmp/u;
    %jmp/1 T_6.2, 6;
    %dup/vec4;
    %pushi/vec4 2, 0, 3;
    %cmp/u;
    %jmp/1 T_6.3, 6;
    %dup/vec4;
    %pushi/vec4 3, 0, 3;
    %cmp/u;
    %jmp/1 T_6.4, 6;
    %dup/vec4;
    %pushi/vec4 6, 0, 3;
    %cmp/u;
    %jmp/1 T_6.5, 6;
    %jmp T_6.6;
T_6.2 ;
    %load/vec4 v0x564e274ba7c0_0;
    %parti/s 5, 7, 4;
    %assign/vec4 v0x564e274ba960_0, 0;
    %load/vec4 v0x564e274ba7c0_0;
    %parti/s 5, 15, 5;
    %assign/vec4 v0x564e274baa40_0, 0;
    %load/vec4 v0x564e274ba7c0_0;
    %parti/s 3, 12, 5;
    %assign/vec4 v0x564e274ba530_0, 0;
    %load/vec4 v0x564e274ba7c0_0;
    %parti/s 12, 20, 6;
    %assign/vec4 v0x564e274ba6b0_0, 0;
    %pushi/vec4 0, 0, 3;
    %assign/vec4 v0x564e274bac90_0, 0;
    %jmp T_6.6;
T_6.3 ;
    %load/vec4 v0x564e274ba7c0_0;
    %parti/s 7, 25, 6;
    %load/vec4 v0x564e274ba7c0_0;
    %parti/s 5, 7, 4;
    %concat/vec4; draw_concat_vec4
    %assign/vec4 v0x564e274ba6b0_0, 0;
    %load/vec4 v0x564e274ba7c0_0;
    %parti/s 5, 15, 5;
    %assign/vec4 v0x564e274baa40_0, 0;
    %load/vec4 v0x564e274ba7c0_0;
    %parti/s 5, 20, 6;
    %assign/vec4 v0x564e274babb0_0, 0;
    %load/vec4 v0x564e274ba7c0_0;
    %parti/s 3, 12, 5;
    %assign/vec4 v0x564e274ba530_0, 0;
    %pushi/vec4 2, 0, 3;
    %assign/vec4 v0x564e274bac90_0, 0;
    %jmp T_6.6;
T_6.4 ;
    %load/vec4 v0x564e274ba7c0_0;
    %parti/s 7, 25, 6;
    %assign/vec4 v0x564e274ba5d0_0, 0;
    %load/vec4 v0x564e274ba7c0_0;
    %parti/s 5, 20, 6;
    %assign/vec4 v0x564e274babb0_0, 0;
    %load/vec4 v0x564e274ba7c0_0;
    %parti/s 5, 15, 5;
    %assign/vec4 v0x564e274baa40_0, 0;
    %load/vec4 v0x564e274ba7c0_0;
    %parti/s 5, 7, 4;
    %assign/vec4 v0x564e274ba960_0, 0;
    %load/vec4 v0x564e274ba7c0_0;
    %parti/s 3, 12, 5;
    %assign/vec4 v0x564e274ba530_0, 0;
    %pushi/vec4 3, 0, 3;
    %assign/vec4 v0x564e274bac90_0, 0;
    %jmp T_6.6;
T_6.5 ;
    %load/vec4 v0x564e274ba7c0_0;
    %parti/s 7, 25, 6;
    %load/vec4 v0x564e274ba7c0_0;
    %parti/s 5, 7, 4;
    %concat/vec4; draw_concat_vec4
    %assign/vec4 v0x564e274ba6b0_0, 0;
    %load/vec4 v0x564e274ba7c0_0;
    %parti/s 5, 15, 5;
    %assign/vec4 v0x564e274baa40_0, 0;
    %load/vec4 v0x564e274ba7c0_0;
    %parti/s 5, 20, 6;
    %assign/vec4 v0x564e274babb0_0, 0;
    %load/vec4 v0x564e274ba7c0_0;
    %parti/s 3, 12, 5;
    %assign/vec4 v0x564e274ba530_0, 0;
    %pushi/vec4 6, 0, 3;
    %assign/vec4 v0x564e274bac90_0, 0;
    %jmp T_6.6;
T_6.6 ;
    %pop/vec4 1;
T_6.0 ;
    %jmp T_6;
    .thread T_6;
    .scope S_0x564e274c3ce0;
T_7 ;
    %wait E_0x564e2741ea20;
    %load/vec4 v0x564e274c47d0_0;
    %dup/vec4;
    %pushi/vec4 0, 0, 3;
    %cmp/u;
    %jmp/1 T_7.0, 6;
    %dup/vec4;
    %pushi/vec4 1, 0, 3;
    %cmp/u;
    %jmp/1 T_7.1, 6;
    %dup/vec4;
    %pushi/vec4 2, 0, 3;
    %cmp/u;
    %jmp/1 T_7.2, 6;
    %dup/vec4;
    %pushi/vec4 3, 0, 3;
    %cmp/u;
    %jmp/1 T_7.3, 6;
    %dup/vec4;
    %pushi/vec4 6, 0, 3;
    %cmp/u;
    %jmp/1 T_7.4, 6;
    %jmp T_7.5;
T_7.0 ;
    %pushi/vec4 1, 0, 1;
    %assign/vec4 v0x564e274c4700_0, 0;
    %pushi/vec4 0, 0, 1;
    %assign/vec4 v0x564e274c4630_0, 0;
    %pushi/vec4 1, 0, 1;
    %assign/vec4 v0x564e274c4490_0, 0;
    %pushi/vec4 2, 0, 4;
    %assign/vec4 v0x564e274c3ec0_0, 0;
    %pushi/vec4 0, 0, 1;
    %assign/vec4 v0x564e274c4160_0, 0;
    %pushi/vec4 1, 0, 1;
    %assign/vec4 v0x564e274c4560_0, 0;
    %pushi/vec4 1, 0, 1;
    %assign/vec4 v0x564e274c4060_0, 0;
    %jmp T_7.5;
T_7.1 ;
    %pushi/vec4 1, 0, 1;
    %assign/vec4 v0x564e274c4700_0, 0;
    %pushi/vec4 0, 0, 1;
    %assign/vec4 v0x564e274c4630_0, 0;
    %pushi/vec4 0, 0, 1;
    %assign/vec4 v0x564e274c4490_0, 0;
    %pushi/vec4 2, 0, 4;
    %assign/vec4 v0x564e274c3ec0_0, 0;
    %pushi/vec4 0, 0, 1;
    %assign/vec4 v0x564e274c4160_0, 0;
    %pushi/vec4 1, 0, 1;
    %assign/vec4 v0x564e274c4560_0, 0;
    %pushi/vec4 1, 0, 1;
    %assign/vec4 v0x564e274c4060_0, 0;
    %jmp T_7.5;
T_7.2 ;
    %pushi/vec4 0, 0, 1;
    %assign/vec4 v0x564e274c4700_0, 0;
    %pushi/vec4 1, 0, 1;
    %assign/vec4 v0x564e274c4630_0, 0;
    %pushi/vec4 0, 0, 1;
    %assign/vec4 v0x564e274c4490_0, 0;
    %pushi/vec4 2, 0, 4;
    %assign/vec4 v0x564e274c3ec0_0, 0;
    %pushi/vec4 0, 0, 1;
    %assign/vec4 v0x564e274c4160_0, 0;
    %pushi/vec4 1, 0, 1;
    %assign/vec4 v0x564e274c4560_0, 0;
    %pushi/vec4 1, 0, 1;
    %assign/vec4 v0x564e274c4060_0, 0;
    %jmp T_7.5;
T_7.3 ;
    %load/vec4 v0x564e274c4320_0;
    %dup/vec4;
    %pushi/vec4 0, 0, 3;
    %cmp/u;
    %jmp/1 T_7.6, 6;
    %dup/vec4;
    %pushi/vec4 4, 0, 3;
    %cmp/u;
    %jmp/1 T_7.7, 6;
    %dup/vec4;
    %pushi/vec4 5, 0, 3;
    %cmp/u;
    %jmp/1 T_7.8, 6;
    %jmp T_7.9;
T_7.6 ;
    %load/vec4 v0x564e274c43c0_0;
    %parti/s 2, 5, 4;
    %dup/vec4;
    %pushi/vec4 0, 0, 2;
    %cmp/u;
    %jmp/1 T_7.10, 6;
    %dup/vec4;
    %pushi/vec4 1, 0, 2;
    %cmp/u;
    %jmp/1 T_7.11, 6;
    %jmp T_7.12;
T_7.10 ;
    %pushi/vec4 1, 0, 1;
    %assign/vec4 v0x564e274c4700_0, 0;
    %pushi/vec4 0, 0, 1;
    %assign/vec4 v0x564e274c4630_0, 0;
    %pushi/vec4 0, 0, 1;
    %assign/vec4 v0x564e274c4490_0, 0;
    %pushi/vec4 2, 0, 4;
    %assign/vec4 v0x564e274c3ec0_0, 0;
    %pushi/vec4 0, 0, 1;
    %assign/vec4 v0x564e274c4160_0, 0;
    %pushi/vec4 0, 0, 1;
    %assign/vec4 v0x564e274c4560_0, 0;
    %pushi/vec4 0, 0, 1;
    %assign/vec4 v0x564e274c4060_0, 0;
    %jmp T_7.12;
T_7.11 ;
    %pushi/vec4 1, 0, 1;
    %assign/vec4 v0x564e274c4700_0, 0;
    %pushi/vec4 0, 0, 1;
    %assign/vec4 v0x564e274c4630_0, 0;
    %pushi/vec4 0, 0, 1;
    %assign/vec4 v0x564e274c4490_0, 0;
    %pushi/vec4 6, 0, 4;
    %assign/vec4 v0x564e274c3ec0_0, 0;
    %pushi/vec4 0, 0, 1;
    %assign/vec4 v0x564e274c4160_0, 0;
    %pushi/vec4 0, 0, 1;
    %assign/vec4 v0x564e274c4560_0, 0;
    %pushi/vec4 0, 0, 1;
    %assign/vec4 v0x564e274c4060_0, 0;
    %jmp T_7.12;
T_7.12 ;
    %pop/vec4 1;
    %jmp T_7.9;
T_7.7 ;
    %pushi/vec4 1, 0, 1;
    %assign/vec4 v0x564e274c4700_0, 0;
    %pushi/vec4 0, 0, 1;
    %assign/vec4 v0x564e274c4630_0, 0;
    %pushi/vec4 0, 0, 1;
    %assign/vec4 v0x564e274c4490_0, 0;
    %pushi/vec4 2, 0, 4;
    %assign/vec4 v0x564e274c3ec0_0, 0;
    %pushi/vec4 0, 0, 1;
    %assign/vec4 v0x564e274c4160_0, 0;
    %pushi/vec4 0, 0, 1;
    %assign/vec4 v0x564e274c4560_0, 0;
    %pushi/vec4 0, 0, 1;
    %assign/vec4 v0x564e274c4060_0, 0;
    %jmp T_7.9;
T_7.8 ;
    %pushi/vec4 1, 0, 1;
    %assign/vec4 v0x564e274c4700_0, 0;
    %pushi/vec4 0, 0, 1;
    %assign/vec4 v0x564e274c4630_0, 0;
    %pushi/vec4 0, 0, 1;
    %assign/vec4 v0x564e274c4490_0, 0;
    %pushi/vec4 5, 0, 4;
    %assign/vec4 v0x564e274c3ec0_0, 0;
    %pushi/vec4 0, 0, 1;
    %assign/vec4 v0x564e274c4160_0, 0;
    %pushi/vec4 0, 0, 1;
    %assign/vec4 v0x564e274c4560_0, 0;
    %pushi/vec4 0, 0, 1;
    %assign/vec4 v0x564e274c4060_0, 0;
    %jmp T_7.9;
T_7.9 ;
    %pop/vec4 1;
    %jmp T_7.5;
T_7.4 ;
    %pushi/vec4 0, 0, 1;
    %assign/vec4 v0x564e274c4700_0, 0;
    %pushi/vec4 0, 0, 1;
    %assign/vec4 v0x564e274c4630_0, 0;
    %pushi/vec4 0, 0, 1;
    %assign/vec4 v0x564e274c4490_0, 0;
    %pushi/vec4 6, 0, 4;
    %assign/vec4 v0x564e274c3ec0_0, 0;
    %pushi/vec4 1, 0, 1;
    %assign/vec4 v0x564e274c4160_0, 0;
    %pushi/vec4 0, 0, 1;
    %assign/vec4 v0x564e274c4560_0, 0;
    %pushi/vec4 1, 0, 1;
    %assign/vec4 v0x564e274c4060_0, 0;
    %jmp T_7.5;
T_7.5 ;
    %pop/vec4 1;
    %jmp T_7;
    .thread T_7;
    .scope S_0x564e274c0c30;
T_8 ;
    %vpi_call 8 19 "$readmemb", "entrada/registradores.bin", v0x564e274c1300 {0 0 0};
    %ix/load 4, 0, 0;
    %flag_set/imm 4, 0;
    %load/vec4a v0x564e274c1300, 4;
    %assign/vec4 v0x564e274c1950_0, 0;
    %ix/load 4, 1, 0;
    %flag_set/imm 4, 0;
    %load/vec4a v0x564e274c1300, 4;
    %assign/vec4 v0x564e274c1a10_0, 0;
    %ix/load 4, 2, 0;
    %flag_set/imm 4, 0;
    %load/vec4a v0x564e274c1300, 4;
    %assign/vec4 v0x564e274c23b0_0, 0;
    %ix/load 4, 3, 0;
    %flag_set/imm 4, 0;
    %load/vec4a v0x564e274c1300, 4;
    %assign/vec4 v0x564e274c2d50_0, 0;
    %ix/load 4, 4, 0;
    %flag_set/imm 4, 0;
    %load/vec4a v0x564e274c1300, 4;
    %assign/vec4 v0x564e274c2ff0_0, 0;
    %ix/load 4, 5, 0;
    %flag_set/imm 4, 0;
    %load/vec4a v0x564e274c1300, 4;
    %assign/vec4 v0x564e274c30d0_0, 0;
    %ix/load 4, 6, 0;
    %flag_set/imm 4, 0;
    %load/vec4a v0x564e274c1300, 4;
    %assign/vec4 v0x564e274c31b0_0, 0;
    %ix/load 4, 7, 0;
    %flag_set/imm 4, 0;
    %load/vec4a v0x564e274c1300, 4;
    %assign/vec4 v0x564e274c3290_0, 0;
    %ix/load 4, 8, 0;
    %flag_set/imm 4, 0;
    %load/vec4a v0x564e274c1300, 4;
    %assign/vec4 v0x564e274c3370_0, 0;
    %ix/load 4, 9, 0;
    %flag_set/imm 4, 0;
    %load/vec4a v0x564e274c1300, 4;
    %assign/vec4 v0x564e274c3450_0, 0;
    %ix/load 4, 10, 0;
    %flag_set/imm 4, 0;
    %load/vec4a v0x564e274c1300, 4;
    %assign/vec4 v0x564e274c1af0_0, 0;
    %ix/load 4, 11, 0;
    %flag_set/imm 4, 0;
    %load/vec4a v0x564e274c1300, 4;
    %assign/vec4 v0x564e274c1bd0_0, 0;
    %ix/load 4, 12, 0;
    %flag_set/imm 4, 0;
    %load/vec4a v0x564e274c1300, 4;
    %assign/vec4 v0x564e274c1cb0_0, 0;
    %ix/load 4, 13, 0;
    %flag_set/imm 4, 0;
    %load/vec4a v0x564e274c1300, 4;
    %assign/vec4 v0x564e274c1d90_0, 0;
    %ix/load 4, 14, 0;
    %flag_set/imm 4, 0;
    %load/vec4a v0x564e274c1300, 4;
    %assign/vec4 v0x564e274c1e70_0, 0;
    %ix/load 4, 15, 0;
    %flag_set/imm 4, 0;
    %load/vec4a v0x564e274c1300, 4;
    %assign/vec4 v0x564e274c1f50_0, 0;
    %ix/load 4, 16, 0;
    %flag_set/imm 4, 0;
    %load/vec4a v0x564e274c1300, 4;
    %assign/vec4 v0x564e274c2030_0, 0;
    %ix/load 4, 17, 0;
    %flag_set/imm 4, 0;
    %load/vec4a v0x564e274c1300, 4;
    %assign/vec4 v0x564e274c2110_0, 0;
    %ix/load 4, 18, 0;
    %flag_set/imm 4, 0;
    %load/vec4a v0x564e274c1300, 4;
    %assign/vec4 v0x564e274c21f0_0, 0;
    %ix/load 4, 19, 0;
    %flag_set/imm 4, 0;
    %load/vec4a v0x564e274c1300, 4;
    %assign/vec4 v0x564e274c22d0_0, 0;
    %ix/load 4, 20, 0;
    %flag_set/imm 4, 0;
    %load/vec4a v0x564e274c1300, 4;
    %assign/vec4 v0x564e274c2490_0, 0;
    %ix/load 4, 21, 0;
    %flag_set/imm 4, 0;
    %load/vec4a v0x564e274c1300, 4;
    %assign/vec4 v0x564e274c2570_0, 0;
    %ix/load 4, 22, 0;
    %flag_set/imm 4, 0;
    %load/vec4a v0x564e274c1300, 4;
    %assign/vec4 v0x564e274c2650_0, 0;
    %ix/load 4, 23, 0;
    %flag_set/imm 4, 0;
    %load/vec4a v0x564e274c1300, 4;
    %assign/vec4 v0x564e274c2730_0, 0;
    %ix/load 4, 24, 0;
    %flag_set/imm 4, 0;
    %load/vec4a v0x564e274c1300, 4;
    %assign/vec4 v0x564e274c2810_0, 0;
    %ix/load 4, 25, 0;
    %flag_set/imm 4, 0;
    %load/vec4a v0x564e274c1300, 4;
    %assign/vec4 v0x564e274c28f0_0, 0;
    %ix/load 4, 26, 0;
    %flag_set/imm 4, 0;
    %load/vec4a v0x564e274c1300, 4;
    %assign/vec4 v0x564e274c29d0_0, 0;
    %ix/load 4, 27, 0;
    %flag_set/imm 4, 0;
    %load/vec4a v0x564e274c1300, 4;
    %assign/vec4 v0x564e274c2ab0_0, 0;
    %ix/load 4, 28, 0;
    %flag_set/imm 4, 0;
    %load/vec4a v0x564e274c1300, 4;
    %assign/vec4 v0x564e274c2b90_0, 0;
    %ix/load 4, 29, 0;
    %flag_set/imm 4, 0;
    %load/vec4a v0x564e274c1300, 4;
    %assign/vec4 v0x564e274c2c70_0, 0;
    %ix/load 4, 30, 0;
    %flag_set/imm 4, 0;
    %load/vec4a v0x564e274c1300, 4;
    %assign/vec4 v0x564e274c2e30_0, 0;
    %ix/load 4, 31, 0;
    %flag_set/imm 4, 0;
    %load/vec4a v0x564e274c1300, 4;
    %assign/vec4 v0x564e274c2f10_0, 0;
    %end;
    .thread T_8;
    .scope S_0x564e274c0c30;
T_9 ;
    %wait E_0x564e2741ea20;
    %load/vec4 v0x564e274c1460_0;
    %cmpi/e 2, 0, 3;
    %jmp/0xz  T_9.0, 4;
    %load/vec4 v0x564e274c35f0_0;
    %pad/u 7;
    %ix/vec4 4;
    %load/vec4a v0x564e274c1300, 4;
    %assign/vec4 v0x564e274c1680_0, 0;
    %load/vec4 v0x564e274c36e0_0;
    %pad/u 7;
    %ix/vec4 4;
    %load/vec4a v0x564e274c1300, 4;
    %assign/vec4 v0x564e274c1720_0, 0;
    %load/vec4 v0x564e274c3530_0;
    %dup/vec4;
    %pushi/vec4 1, 0, 1;
    %cmp/u;
    %jmp/1 T_9.2, 6;
    %jmp T_9.3;
T_9.2 ;
    %load/vec4 v0x564e274c1500_0;
    %dup/vec4;
    %pushi/vec4 1, 0, 1;
    %cmp/u;
    %jmp/1 T_9.4, 6;
    %dup/vec4;
    %pushi/vec4 0, 0, 1;
    %cmp/u;
    %jmp/1 T_9.5, 6;
    %jmp T_9.6;
T_9.4 ;
    %load/vec4 v0x564e274c17f0_0;
    %load/vec4 v0x564e274c15c0_0;
    %pad/u 7;
    %ix/vec4 3;
    %ix/load 4, 0, 0; Constant delay
    %assign/vec4/a/d v0x564e274c1300, 0, 4;
    %jmp T_9.6;
T_9.5 ;
    %load/vec4 v0x564e274c11d0_0;
    %load/vec4 v0x564e274c15c0_0;
    %pad/u 7;
    %ix/vec4 3;
    %ix/load 4, 0, 0; Constant delay
    %assign/vec4/a/d v0x564e274c1300, 0, 4;
    %jmp T_9.6;
T_9.6 ;
    %pop/vec4 1;
    %jmp T_9.3;
T_9.3 ;
    %pop/vec4 1;
    %ix/load 4, 0, 0;
    %flag_set/imm 4, 0;
    %load/vec4a v0x564e274c1300, 4;
    %assign/vec4 v0x564e274c1950_0, 0;
    %ix/load 4, 1, 0;
    %flag_set/imm 4, 0;
    %load/vec4a v0x564e274c1300, 4;
    %assign/vec4 v0x564e274c1a10_0, 0;
    %ix/load 4, 2, 0;
    %flag_set/imm 4, 0;
    %load/vec4a v0x564e274c1300, 4;
    %assign/vec4 v0x564e274c23b0_0, 0;
    %ix/load 4, 3, 0;
    %flag_set/imm 4, 0;
    %load/vec4a v0x564e274c1300, 4;
    %assign/vec4 v0x564e274c2d50_0, 0;
    %ix/load 4, 4, 0;
    %flag_set/imm 4, 0;
    %load/vec4a v0x564e274c1300, 4;
    %assign/vec4 v0x564e274c2ff0_0, 0;
    %ix/load 4, 5, 0;
    %flag_set/imm 4, 0;
    %load/vec4a v0x564e274c1300, 4;
    %assign/vec4 v0x564e274c30d0_0, 0;
    %ix/load 4, 6, 0;
    %flag_set/imm 4, 0;
    %load/vec4a v0x564e274c1300, 4;
    %assign/vec4 v0x564e274c31b0_0, 0;
    %ix/load 4, 7, 0;
    %flag_set/imm 4, 0;
    %load/vec4a v0x564e274c1300, 4;
    %assign/vec4 v0x564e274c3290_0, 0;
    %ix/load 4, 8, 0;
    %flag_set/imm 4, 0;
    %load/vec4a v0x564e274c1300, 4;
    %assign/vec4 v0x564e274c3370_0, 0;
    %ix/load 4, 9, 0;
    %flag_set/imm 4, 0;
    %load/vec4a v0x564e274c1300, 4;
    %assign/vec4 v0x564e274c3450_0, 0;
    %ix/load 4, 10, 0;
    %flag_set/imm 4, 0;
    %load/vec4a v0x564e274c1300, 4;
    %assign/vec4 v0x564e274c1af0_0, 0;
    %ix/load 4, 11, 0;
    %flag_set/imm 4, 0;
    %load/vec4a v0x564e274c1300, 4;
    %assign/vec4 v0x564e274c1bd0_0, 0;
    %ix/load 4, 12, 0;
    %flag_set/imm 4, 0;
    %load/vec4a v0x564e274c1300, 4;
    %assign/vec4 v0x564e274c1cb0_0, 0;
    %ix/load 4, 13, 0;
    %flag_set/imm 4, 0;
    %load/vec4a v0x564e274c1300, 4;
    %assign/vec4 v0x564e274c1d90_0, 0;
    %ix/load 4, 14, 0;
    %flag_set/imm 4, 0;
    %load/vec4a v0x564e274c1300, 4;
    %assign/vec4 v0x564e274c1e70_0, 0;
    %ix/load 4, 15, 0;
    %flag_set/imm 4, 0;
    %load/vec4a v0x564e274c1300, 4;
    %assign/vec4 v0x564e274c1f50_0, 0;
    %ix/load 4, 16, 0;
    %flag_set/imm 4, 0;
    %load/vec4a v0x564e274c1300, 4;
    %assign/vec4 v0x564e274c2030_0, 0;
    %ix/load 4, 17, 0;
    %flag_set/imm 4, 0;
    %load/vec4a v0x564e274c1300, 4;
    %assign/vec4 v0x564e274c2110_0, 0;
    %ix/load 4, 18, 0;
    %flag_set/imm 4, 0;
    %load/vec4a v0x564e274c1300, 4;
    %assign/vec4 v0x564e274c21f0_0, 0;
    %ix/load 4, 19, 0;
    %flag_set/imm 4, 0;
    %load/vec4a v0x564e274c1300, 4;
    %assign/vec4 v0x564e274c22d0_0, 0;
    %ix/load 4, 20, 0;
    %flag_set/imm 4, 0;
    %load/vec4a v0x564e274c1300, 4;
    %assign/vec4 v0x564e274c2490_0, 0;
    %ix/load 4, 21, 0;
    %flag_set/imm 4, 0;
    %load/vec4a v0x564e274c1300, 4;
    %assign/vec4 v0x564e274c2570_0, 0;
    %ix/load 4, 22, 0;
    %flag_set/imm 4, 0;
    %load/vec4a v0x564e274c1300, 4;
    %assign/vec4 v0x564e274c2650_0, 0;
    %ix/load 4, 23, 0;
    %flag_set/imm 4, 0;
    %load/vec4a v0x564e274c1300, 4;
    %assign/vec4 v0x564e274c2730_0, 0;
    %ix/load 4, 24, 0;
    %flag_set/imm 4, 0;
    %load/vec4a v0x564e274c1300, 4;
    %assign/vec4 v0x564e274c2810_0, 0;
    %ix/load 4, 25, 0;
    %flag_set/imm 4, 0;
    %load/vec4a v0x564e274c1300, 4;
    %assign/vec4 v0x564e274c28f0_0, 0;
    %ix/load 4, 26, 0;
    %flag_set/imm 4, 0;
    %load/vec4a v0x564e274c1300, 4;
    %assign/vec4 v0x564e274c29d0_0, 0;
    %ix/load 4, 27, 0;
    %flag_set/imm 4, 0;
    %load/vec4a v0x564e274c1300, 4;
    %assign/vec4 v0x564e274c2ab0_0, 0;
    %ix/load 4, 28, 0;
    %flag_set/imm 4, 0;
    %load/vec4a v0x564e274c1300, 4;
    %assign/vec4 v0x564e274c2b90_0, 0;
    %ix/load 4, 29, 0;
    %flag_set/imm 4, 0;
    %load/vec4a v0x564e274c1300, 4;
    %assign/vec4 v0x564e274c2c70_0, 0;
    %ix/load 4, 30, 0;
    %flag_set/imm 4, 0;
    %load/vec4a v0x564e274c1300, 4;
    %assign/vec4 v0x564e274c2e30_0, 0;
    %ix/load 4, 31, 0;
    %flag_set/imm 4, 0;
    %load/vec4a v0x564e274c1300, 4;
    %assign/vec4 v0x564e274c2f10_0, 0;
T_9.0 ;
    %jmp T_9;
    .thread T_9;
    .scope S_0x564e273eda50;
T_10 ;
    %wait E_0x564e2741ea20;
    %load/vec4 v0x564e2748ac50_0;
    %dup/vec4;
    %pushi/vec4 0, 0, 1;
    %cmp/u;
    %jmp/1 T_10.0, 6;
    %dup/vec4;
    %pushi/vec4 1, 0, 1;
    %cmp/u;
    %jmp/1 T_10.1, 6;
    %jmp T_10.2;
T_10.0 ;
    %load/vec4 v0x564e274a4960_0;
    %dup/vec4;
    %pushi/vec4 2, 0, 4;
    %cmp/u;
    %jmp/1 T_10.3, 6;
    %dup/vec4;
    %pushi/vec4 6, 0, 4;
    %cmp/u;
    %jmp/1 T_10.4, 6;
    %dup/vec4;
    %pushi/vec4 2, 0, 4;
    %cmp/u;
    %jmp/1 T_10.5, 6;
    %dup/vec4;
    %pushi/vec4 5, 0, 4;
    %cmp/u;
    %jmp/1 T_10.6, 6;
    %jmp T_10.7;
T_10.3 ;
    %load/vec4 v0x564e274b9bf0_0;
    %load/vec4 v0x564e274b9cd0_0;
    %add;
    %assign/vec4 v0x564e27480630_0, 0;
    %pushi/vec4 0, 0, 32;
    %assign/vec4 v0x564e27477b40_0, 0;
    %jmp T_10.7;
T_10.4 ;
    %load/vec4 v0x564e274b9bf0_0;
    %load/vec4 v0x564e274b9cd0_0;
    %sub;
    %assign/vec4 v0x564e27480630_0, 0;
    %pushi/vec4 0, 0, 32;
    %assign/vec4 v0x564e27477b40_0, 0;
    %jmp T_10.7;
T_10.5 ;
    %load/vec4 v0x564e274b9bf0_0;
    %load/vec4 v0x564e274b9cd0_0;
    %xor;
    %assign/vec4 v0x564e27480630_0, 0;
    %pushi/vec4 0, 0, 32;
    %assign/vec4 v0x564e27477b40_0, 0;
    %jmp T_10.7;
T_10.6 ;
    %load/vec4 v0x564e274b9bf0_0;
    %ix/getv 4, v0x564e274b9cd0_0;
    %shiftr 4;
    %assign/vec4 v0x564e27480630_0, 0;
    %pushi/vec4 0, 0, 32;
    %assign/vec4 v0x564e27477b40_0, 0;
    %jmp T_10.7;
T_10.7 ;
    %pop/vec4 1;
    %jmp T_10.2;
T_10.1 ;
    %load/vec4 v0x564e274a4960_0;
    %dup/vec4;
    %pushi/vec4 2, 0, 4;
    %cmp/u;
    %jmp/1 T_10.8, 6;
    %dup/vec4;
    %pushi/vec4 6, 0, 4;
    %cmp/u;
    %jmp/1 T_10.9, 6;
    %jmp T_10.10;
T_10.8 ;
    %load/vec4 v0x564e274b9bf0_0;
    %load/vec4 v0x564e274b9a50_0;
    %pad/u 32;
    %add;
    %assign/vec4 v0x564e27480630_0, 0;
    %pushi/vec4 0, 0, 32;
    %assign/vec4 v0x564e27477b40_0, 0;
    %jmp T_10.10;
T_10.9 ;
    %load/vec4 v0x564e274b9bf0_0;
    %load/vec4 v0x564e274b9cd0_0;
    %sub;
    %assign/vec4 v0x564e27480630_0, 0;
    %load/vec4 v0x564e27480630_0;
    %cmpi/e 0, 0, 32;
    %jmp/0xz  T_10.11, 4;
    %pushi/vec4 1, 0, 32;
    %assign/vec4 v0x564e27477b40_0, 0;
T_10.11 ;
    %jmp T_10.10;
T_10.10 ;
    %pop/vec4 1;
    %jmp T_10.2;
T_10.2 ;
    %pop/vec4 1;
    %load/vec4 v0x564e27477b40_0;
    %load/vec4 v0x564e274a0c20_0;
    %pad/u 32;
    %and;
    %pad/u 1;
    %assign/vec4 v0x564e274b9b30_0, 0;
    %jmp T_10;
    .thread T_10;
    .scope S_0x564e274bb520;
T_11 ;
    %vpi_call 7 17 "$readmemb", "entrada/memoria.bin", v0x564e274bff70 {0 0 0};
    %ix/load 4, 0, 0;
    %flag_set/imm 4, 0;
    %load/vec4a v0x564e274bff70, 4;
    %pad/u 32;
    %assign/vec4 v0x564e274bc170_0, 0;
    %ix/load 4, 1, 0;
    %flag_set/imm 4, 0;
    %load/vec4a v0x564e274bff70, 4;
    %pad/u 32;
    %assign/vec4 v0x564e274bc2a0_0, 0;
    %ix/load 4, 2, 0;
    %flag_set/imm 4, 0;
    %load/vec4a v0x564e274bff70, 4;
    %pad/u 32;
    %assign/vec4 v0x564e274bccd0_0, 0;
    %ix/load 4, 3, 0;
    %flag_set/imm 4, 0;
    %load/vec4a v0x564e274bff70, 4;
    %pad/u 32;
    %assign/vec4 v0x564e274bd780_0, 0;
    %ix/load 4, 4, 0;
    %flag_set/imm 4, 0;
    %load/vec4a v0x564e274bff70, 4;
    %pad/u 32;
    %assign/vec4 v0x564e274be120_0, 0;
    %ix/load 4, 5, 0;
    %flag_set/imm 4, 0;
    %load/vec4a v0x564e274bff70, 4;
    %pad/u 32;
    %assign/vec4 v0x564e274beac0_0, 0;
    %ix/load 4, 6, 0;
    %flag_set/imm 4, 0;
    %load/vec4a v0x564e274bff70, 4;
    %pad/u 32;
    %assign/vec4 v0x564e274bf460_0, 0;
    %ix/load 4, 7, 0;
    %flag_set/imm 4, 0;
    %load/vec4a v0x564e274bff70, 4;
    %pad/u 32;
    %assign/vec4 v0x564e274bfcd0_0, 0;
    %ix/load 4, 8, 0;
    %flag_set/imm 4, 0;
    %load/vec4a v0x564e274bff70, 4;
    %pad/u 32;
    %assign/vec4 v0x564e274bfdb0_0, 0;
    %ix/load 4, 9, 0;
    %flag_set/imm 4, 0;
    %load/vec4a v0x564e274bff70, 4;
    %pad/u 32;
    %assign/vec4 v0x564e274bfe90_0, 0;
    %ix/load 4, 10, 0;
    %flag_set/imm 4, 0;
    %load/vec4a v0x564e274bff70, 4;
    %pad/u 32;
    %assign/vec4 v0x564e274bc380_0, 0;
    %ix/load 4, 11, 0;
    %flag_set/imm 4, 0;
    %load/vec4a v0x564e274bff70, 4;
    %pad/u 32;
    %assign/vec4 v0x564e274bc460_0, 0;
    %ix/load 4, 12, 0;
    %flag_set/imm 4, 0;
    %load/vec4a v0x564e274bff70, 4;
    %pad/u 32;
    %assign/vec4 v0x564e274bc540_0, 0;
    %ix/load 4, 13, 0;
    %flag_set/imm 4, 0;
    %load/vec4a v0x564e274bff70, 4;
    %pad/u 32;
    %assign/vec4 v0x564e274bc6b0_0, 0;
    %ix/load 4, 14, 0;
    %flag_set/imm 4, 0;
    %load/vec4a v0x564e274bff70, 4;
    %pad/u 32;
    %assign/vec4 v0x564e274bc790_0, 0;
    %ix/load 4, 15, 0;
    %flag_set/imm 4, 0;
    %load/vec4a v0x564e274bff70, 4;
    %pad/u 32;
    %assign/vec4 v0x564e274bc870_0, 0;
    %ix/load 4, 16, 0;
    %flag_set/imm 4, 0;
    %load/vec4a v0x564e274bff70, 4;
    %pad/u 32;
    %assign/vec4 v0x564e274bc950_0, 0;
    %ix/load 4, 17, 0;
    %flag_set/imm 4, 0;
    %load/vec4a v0x564e274bff70, 4;
    %pad/u 32;
    %assign/vec4 v0x564e274bca30_0, 0;
    %ix/load 4, 18, 0;
    %flag_set/imm 4, 0;
    %load/vec4a v0x564e274bff70, 4;
    %pad/u 32;
    %assign/vec4 v0x564e274bcb10_0, 0;
    %ix/load 4, 19, 0;
    %flag_set/imm 4, 0;
    %load/vec4a v0x564e274bff70, 4;
    %pad/u 32;
    %assign/vec4 v0x564e274bcbf0_0, 0;
    %ix/load 4, 20, 0;
    %flag_set/imm 4, 0;
    %load/vec4a v0x564e274bff70, 4;
    %pad/u 32;
    %assign/vec4 v0x564e274bcec0_0, 0;
    %ix/load 4, 21, 0;
    %flag_set/imm 4, 0;
    %load/vec4a v0x564e274bff70, 4;
    %pad/u 32;
    %assign/vec4 v0x564e274bcfa0_0, 0;
    %ix/load 4, 22, 0;
    %flag_set/imm 4, 0;
    %load/vec4a v0x564e274bff70, 4;
    %pad/u 32;
    %assign/vec4 v0x564e274bd080_0, 0;
    %ix/load 4, 23, 0;
    %flag_set/imm 4, 0;
    %load/vec4a v0x564e274bff70, 4;
    %pad/u 32;
    %assign/vec4 v0x564e274bd160_0, 0;
    %ix/load 4, 24, 0;
    %flag_set/imm 4, 0;
    %load/vec4a v0x564e274bff70, 4;
    %pad/u 32;
    %assign/vec4 v0x564e274bd240_0, 0;
    %ix/load 4, 25, 0;
    %flag_set/imm 4, 0;
    %load/vec4a v0x564e274bff70, 4;
    %pad/u 32;
    %assign/vec4 v0x564e274bd320_0, 0;
    %ix/load 4, 26, 0;
    %flag_set/imm 4, 0;
    %load/vec4a v0x564e274bff70, 4;
    %pad/u 32;
    %assign/vec4 v0x564e274bd400_0, 0;
    %ix/load 4, 27, 0;
    %flag_set/imm 4, 0;
    %load/vec4a v0x564e274bff70, 4;
    %pad/u 32;
    %assign/vec4 v0x564e274bd4e0_0, 0;
    %ix/load 4, 28, 0;
    %flag_set/imm 4, 0;
    %load/vec4a v0x564e274bff70, 4;
    %pad/u 32;
    %assign/vec4 v0x564e274bd5c0_0, 0;
    %ix/load 4, 29, 0;
    %flag_set/imm 4, 0;
    %load/vec4a v0x564e274bff70, 4;
    %pad/u 32;
    %assign/vec4 v0x564e274bd6a0_0, 0;
    %ix/load 4, 30, 0;
    %flag_set/imm 4, 0;
    %load/vec4a v0x564e274bff70, 4;
    %pad/u 32;
    %assign/vec4 v0x564e274bd860_0, 0;
    %ix/load 4, 31, 0;
    %flag_set/imm 4, 0;
    %load/vec4a v0x564e274bff70, 4;
    %pad/u 32;
    %assign/vec4 v0x564e274bd940_0, 0;
    %ix/load 4, 32, 0;
    %flag_set/imm 4, 0;
    %load/vec4a v0x564e274bff70, 4;
    %pad/u 32;
    %assign/vec4 v0x564e274bda20_0, 0;
    %ix/load 4, 33, 0;
    %flag_set/imm 4, 0;
    %load/vec4a v0x564e274bff70, 4;
    %pad/u 32;
    %assign/vec4 v0x564e274bdb00_0, 0;
    %ix/load 4, 34, 0;
    %flag_set/imm 4, 0;
    %load/vec4a v0x564e274bff70, 4;
    %pad/u 32;
    %assign/vec4 v0x564e274bdbe0_0, 0;
    %ix/load 4, 35, 0;
    %flag_set/imm 4, 0;
    %load/vec4a v0x564e274bff70, 4;
    %pad/u 32;
    %assign/vec4 v0x564e274bdcc0_0, 0;
    %ix/load 4, 36, 0;
    %flag_set/imm 4, 0;
    %load/vec4a v0x564e274bff70, 4;
    %pad/u 32;
    %assign/vec4 v0x564e274bdda0_0, 0;
    %ix/load 4, 37, 0;
    %flag_set/imm 4, 0;
    %load/vec4a v0x564e274bff70, 4;
    %pad/u 32;
    %assign/vec4 v0x564e274bde80_0, 0;
    %ix/load 4, 38, 0;
    %flag_set/imm 4, 0;
    %load/vec4a v0x564e274bff70, 4;
    %pad/u 32;
    %assign/vec4 v0x564e274bdf60_0, 0;
    %ix/load 4, 39, 0;
    %flag_set/imm 4, 0;
    %load/vec4a v0x564e274bff70, 4;
    %pad/u 32;
    %assign/vec4 v0x564e274be040_0, 0;
    %ix/load 4, 40, 0;
    %flag_set/imm 4, 0;
    %load/vec4a v0x564e274bff70, 4;
    %pad/u 32;
    %assign/vec4 v0x564e274be200_0, 0;
    %ix/load 4, 41, 0;
    %flag_set/imm 4, 0;
    %load/vec4a v0x564e274bff70, 4;
    %pad/u 32;
    %assign/vec4 v0x564e274be2e0_0, 0;
    %ix/load 4, 42, 0;
    %flag_set/imm 4, 0;
    %load/vec4a v0x564e274bff70, 4;
    %pad/u 32;
    %assign/vec4 v0x564e274be3c0_0, 0;
    %ix/load 4, 43, 0;
    %flag_set/imm 4, 0;
    %load/vec4a v0x564e274bff70, 4;
    %pad/u 32;
    %assign/vec4 v0x564e274be4a0_0, 0;
    %ix/load 4, 44, 0;
    %flag_set/imm 4, 0;
    %load/vec4a v0x564e274bff70, 4;
    %pad/u 32;
    %assign/vec4 v0x564e274be580_0, 0;
    %ix/load 4, 45, 0;
    %flag_set/imm 4, 0;
    %load/vec4a v0x564e274bff70, 4;
    %pad/u 32;
    %assign/vec4 v0x564e274be660_0, 0;
    %ix/load 4, 46, 0;
    %flag_set/imm 4, 0;
    %load/vec4a v0x564e274bff70, 4;
    %pad/u 32;
    %assign/vec4 v0x564e274be740_0, 0;
    %ix/load 4, 47, 0;
    %flag_set/imm 4, 0;
    %load/vec4a v0x564e274bff70, 4;
    %pad/u 32;
    %assign/vec4 v0x564e274be820_0, 0;
    %ix/load 4, 48, 0;
    %flag_set/imm 4, 0;
    %load/vec4a v0x564e274bff70, 4;
    %pad/u 32;
    %assign/vec4 v0x564e274be900_0, 0;
    %ix/load 4, 49, 0;
    %flag_set/imm 4, 0;
    %load/vec4a v0x564e274bff70, 4;
    %pad/u 32;
    %assign/vec4 v0x564e274be9e0_0, 0;
    %ix/load 4, 50, 0;
    %flag_set/imm 4, 0;
    %load/vec4a v0x564e274bff70, 4;
    %pad/u 32;
    %assign/vec4 v0x564e274beba0_0, 0;
    %ix/load 4, 51, 0;
    %flag_set/imm 4, 0;
    %load/vec4a v0x564e274bff70, 4;
    %pad/u 32;
    %assign/vec4 v0x564e274bec80_0, 0;
    %ix/load 4, 52, 0;
    %flag_set/imm 4, 0;
    %load/vec4a v0x564e274bff70, 4;
    %pad/u 32;
    %assign/vec4 v0x564e274bed60_0, 0;
    %ix/load 4, 53, 0;
    %flag_set/imm 4, 0;
    %load/vec4a v0x564e274bff70, 4;
    %pad/u 32;
    %assign/vec4 v0x564e274bee40_0, 0;
    %ix/load 4, 54, 0;
    %flag_set/imm 4, 0;
    %load/vec4a v0x564e274bff70, 4;
    %pad/u 32;
    %assign/vec4 v0x564e274bef20_0, 0;
    %ix/load 4, 55, 0;
    %flag_set/imm 4, 0;
    %load/vec4a v0x564e274bff70, 4;
    %pad/u 32;
    %assign/vec4 v0x564e274bf000_0, 0;
    %ix/load 4, 56, 0;
    %flag_set/imm 4, 0;
    %load/vec4a v0x564e274bff70, 4;
    %pad/u 32;
    %assign/vec4 v0x564e274bf0e0_0, 0;
    %ix/load 4, 57, 0;
    %flag_set/imm 4, 0;
    %load/vec4a v0x564e274bff70, 4;
    %pad/u 32;
    %assign/vec4 v0x564e274bf1c0_0, 0;
    %ix/load 4, 58, 0;
    %flag_set/imm 4, 0;
    %load/vec4a v0x564e274bff70, 4;
    %pad/u 32;
    %assign/vec4 v0x564e274bf2a0_0, 0;
    %ix/load 4, 59, 0;
    %flag_set/imm 4, 0;
    %load/vec4a v0x564e274bff70, 4;
    %pad/u 32;
    %assign/vec4 v0x564e274bf380_0, 0;
    %ix/load 4, 60, 0;
    %flag_set/imm 4, 0;
    %load/vec4a v0x564e274bff70, 4;
    %pad/u 32;
    %assign/vec4 v0x564e274bf540_0, 0;
    %ix/load 4, 61, 0;
    %flag_set/imm 4, 0;
    %load/vec4a v0x564e274bff70, 4;
    %pad/u 32;
    %assign/vec4 v0x564e274bf620_0, 0;
    %ix/load 4, 62, 0;
    %flag_set/imm 4, 0;
    %load/vec4a v0x564e274bff70, 4;
    %pad/u 32;
    %assign/vec4 v0x564e274bf700_0, 0;
    %ix/load 4, 63, 0;
    %flag_set/imm 4, 0;
    %load/vec4a v0x564e274bff70, 4;
    %pad/u 32;
    %assign/vec4 v0x564e274bf7e0_0, 0;
    %end;
    .thread T_11;
    .scope S_0x564e274bb520;
T_12 ;
    %wait E_0x564e2741ea20;
    %load/vec4 v0x564e274bc030_0;
    %cmpi/e 4, 0, 3;
    %jmp/0xz  T_12.0, 4;
    %load/vec4 v0x564e274c00f0_0;
    %cmpi/e 1, 0, 1;
    %jmp/0xz  T_12.2, 4;
    %load/vec4 v0x564e274c0290_0;
    %pad/u 64;
    %ix/getv 3, v0x564e274bbe20_0;
    %ix/load 4, 0, 0; Constant delay
    %assign/vec4/a/d v0x564e274bff70, 0, 4;
T_12.2 ;
    %load/vec4 v0x564e274c0030_0;
    %cmpi/e 1, 0, 1;
    %jmp/0xz  T_12.4, 4;
    %ix/getv 4, v0x564e274bbe20_0;
    %load/vec4a v0x564e274bff70, 4;
    %pad/u 32;
    %assign/vec4 v0x564e274c01b0_0, 0;
T_12.4 ;
    %ix/load 4, 0, 0;
    %flag_set/imm 4, 0;
    %load/vec4a v0x564e274bff70, 4;
    %pad/u 32;
    %assign/vec4 v0x564e274bc170_0, 0;
    %ix/load 4, 1, 0;
    %flag_set/imm 4, 0;
    %load/vec4a v0x564e274bff70, 4;
    %pad/u 32;
    %assign/vec4 v0x564e274bc2a0_0, 0;
    %ix/load 4, 2, 0;
    %flag_set/imm 4, 0;
    %load/vec4a v0x564e274bff70, 4;
    %pad/u 32;
    %assign/vec4 v0x564e274bccd0_0, 0;
    %ix/load 4, 3, 0;
    %flag_set/imm 4, 0;
    %load/vec4a v0x564e274bff70, 4;
    %pad/u 32;
    %assign/vec4 v0x564e274bd780_0, 0;
    %ix/load 4, 4, 0;
    %flag_set/imm 4, 0;
    %load/vec4a v0x564e274bff70, 4;
    %pad/u 32;
    %assign/vec4 v0x564e274be120_0, 0;
    %ix/load 4, 5, 0;
    %flag_set/imm 4, 0;
    %load/vec4a v0x564e274bff70, 4;
    %pad/u 32;
    %assign/vec4 v0x564e274beac0_0, 0;
    %ix/load 4, 6, 0;
    %flag_set/imm 4, 0;
    %load/vec4a v0x564e274bff70, 4;
    %pad/u 32;
    %assign/vec4 v0x564e274bf460_0, 0;
    %ix/load 4, 7, 0;
    %flag_set/imm 4, 0;
    %load/vec4a v0x564e274bff70, 4;
    %pad/u 32;
    %assign/vec4 v0x564e274bfcd0_0, 0;
    %ix/load 4, 8, 0;
    %flag_set/imm 4, 0;
    %load/vec4a v0x564e274bff70, 4;
    %pad/u 32;
    %assign/vec4 v0x564e274bfdb0_0, 0;
    %ix/load 4, 9, 0;
    %flag_set/imm 4, 0;
    %load/vec4a v0x564e274bff70, 4;
    %pad/u 32;
    %assign/vec4 v0x564e274bfe90_0, 0;
    %ix/load 4, 10, 0;
    %flag_set/imm 4, 0;
    %load/vec4a v0x564e274bff70, 4;
    %pad/u 32;
    %assign/vec4 v0x564e274bc380_0, 0;
    %ix/load 4, 11, 0;
    %flag_set/imm 4, 0;
    %load/vec4a v0x564e274bff70, 4;
    %pad/u 32;
    %assign/vec4 v0x564e274bc460_0, 0;
    %ix/load 4, 12, 0;
    %flag_set/imm 4, 0;
    %load/vec4a v0x564e274bff70, 4;
    %pad/u 32;
    %assign/vec4 v0x564e274bc540_0, 0;
    %ix/load 4, 13, 0;
    %flag_set/imm 4, 0;
    %load/vec4a v0x564e274bff70, 4;
    %pad/u 32;
    %assign/vec4 v0x564e274bc6b0_0, 0;
    %ix/load 4, 14, 0;
    %flag_set/imm 4, 0;
    %load/vec4a v0x564e274bff70, 4;
    %pad/u 32;
    %assign/vec4 v0x564e274bc790_0, 0;
    %ix/load 4, 15, 0;
    %flag_set/imm 4, 0;
    %load/vec4a v0x564e274bff70, 4;
    %pad/u 32;
    %assign/vec4 v0x564e274bc870_0, 0;
    %ix/load 4, 16, 0;
    %flag_set/imm 4, 0;
    %load/vec4a v0x564e274bff70, 4;
    %pad/u 32;
    %assign/vec4 v0x564e274bc950_0, 0;
    %ix/load 4, 17, 0;
    %flag_set/imm 4, 0;
    %load/vec4a v0x564e274bff70, 4;
    %pad/u 32;
    %assign/vec4 v0x564e274bca30_0, 0;
    %ix/load 4, 18, 0;
    %flag_set/imm 4, 0;
    %load/vec4a v0x564e274bff70, 4;
    %pad/u 32;
    %assign/vec4 v0x564e274bcb10_0, 0;
    %ix/load 4, 19, 0;
    %flag_set/imm 4, 0;
    %load/vec4a v0x564e274bff70, 4;
    %pad/u 32;
    %assign/vec4 v0x564e274bcbf0_0, 0;
    %ix/load 4, 20, 0;
    %flag_set/imm 4, 0;
    %load/vec4a v0x564e274bff70, 4;
    %pad/u 32;
    %assign/vec4 v0x564e274bcec0_0, 0;
    %ix/load 4, 21, 0;
    %flag_set/imm 4, 0;
    %load/vec4a v0x564e274bff70, 4;
    %pad/u 32;
    %assign/vec4 v0x564e274bcfa0_0, 0;
    %ix/load 4, 22, 0;
    %flag_set/imm 4, 0;
    %load/vec4a v0x564e274bff70, 4;
    %pad/u 32;
    %assign/vec4 v0x564e274bd080_0, 0;
    %ix/load 4, 23, 0;
    %flag_set/imm 4, 0;
    %load/vec4a v0x564e274bff70, 4;
    %pad/u 32;
    %assign/vec4 v0x564e274bd160_0, 0;
    %ix/load 4, 24, 0;
    %flag_set/imm 4, 0;
    %load/vec4a v0x564e274bff70, 4;
    %pad/u 32;
    %assign/vec4 v0x564e274bd240_0, 0;
    %ix/load 4, 25, 0;
    %flag_set/imm 4, 0;
    %load/vec4a v0x564e274bff70, 4;
    %pad/u 32;
    %assign/vec4 v0x564e274bd320_0, 0;
    %ix/load 4, 26, 0;
    %flag_set/imm 4, 0;
    %load/vec4a v0x564e274bff70, 4;
    %pad/u 32;
    %assign/vec4 v0x564e274bd400_0, 0;
    %ix/load 4, 27, 0;
    %flag_set/imm 4, 0;
    %load/vec4a v0x564e274bff70, 4;
    %pad/u 32;
    %assign/vec4 v0x564e274bd4e0_0, 0;
    %ix/load 4, 28, 0;
    %flag_set/imm 4, 0;
    %load/vec4a v0x564e274bff70, 4;
    %pad/u 32;
    %assign/vec4 v0x564e274bd5c0_0, 0;
    %ix/load 4, 29, 0;
    %flag_set/imm 4, 0;
    %load/vec4a v0x564e274bff70, 4;
    %pad/u 32;
    %assign/vec4 v0x564e274bd6a0_0, 0;
    %ix/load 4, 30, 0;
    %flag_set/imm 4, 0;
    %load/vec4a v0x564e274bff70, 4;
    %pad/u 32;
    %assign/vec4 v0x564e274bd860_0, 0;
    %ix/load 4, 31, 0;
    %flag_set/imm 4, 0;
    %load/vec4a v0x564e274bff70, 4;
    %pad/u 32;
    %assign/vec4 v0x564e274bd940_0, 0;
    %ix/load 4, 32, 0;
    %flag_set/imm 4, 0;
    %load/vec4a v0x564e274bff70, 4;
    %pad/u 32;
    %assign/vec4 v0x564e274bda20_0, 0;
    %ix/load 4, 33, 0;
    %flag_set/imm 4, 0;
    %load/vec4a v0x564e274bff70, 4;
    %pad/u 32;
    %assign/vec4 v0x564e274bdb00_0, 0;
    %ix/load 4, 34, 0;
    %flag_set/imm 4, 0;
    %load/vec4a v0x564e274bff70, 4;
    %pad/u 32;
    %assign/vec4 v0x564e274bdbe0_0, 0;
    %ix/load 4, 35, 0;
    %flag_set/imm 4, 0;
    %load/vec4a v0x564e274bff70, 4;
    %pad/u 32;
    %assign/vec4 v0x564e274bdcc0_0, 0;
    %ix/load 4, 36, 0;
    %flag_set/imm 4, 0;
    %load/vec4a v0x564e274bff70, 4;
    %pad/u 32;
    %assign/vec4 v0x564e274bdda0_0, 0;
    %ix/load 4, 37, 0;
    %flag_set/imm 4, 0;
    %load/vec4a v0x564e274bff70, 4;
    %pad/u 32;
    %assign/vec4 v0x564e274bde80_0, 0;
    %ix/load 4, 38, 0;
    %flag_set/imm 4, 0;
    %load/vec4a v0x564e274bff70, 4;
    %pad/u 32;
    %assign/vec4 v0x564e274bdf60_0, 0;
    %ix/load 4, 39, 0;
    %flag_set/imm 4, 0;
    %load/vec4a v0x564e274bff70, 4;
    %pad/u 32;
    %assign/vec4 v0x564e274be040_0, 0;
    %ix/load 4, 40, 0;
    %flag_set/imm 4, 0;
    %load/vec4a v0x564e274bff70, 4;
    %pad/u 32;
    %assign/vec4 v0x564e274be200_0, 0;
    %ix/load 4, 41, 0;
    %flag_set/imm 4, 0;
    %load/vec4a v0x564e274bff70, 4;
    %pad/u 32;
    %assign/vec4 v0x564e274be2e0_0, 0;
    %ix/load 4, 42, 0;
    %flag_set/imm 4, 0;
    %load/vec4a v0x564e274bff70, 4;
    %pad/u 32;
    %assign/vec4 v0x564e274be3c0_0, 0;
    %ix/load 4, 43, 0;
    %flag_set/imm 4, 0;
    %load/vec4a v0x564e274bff70, 4;
    %pad/u 32;
    %assign/vec4 v0x564e274be4a0_0, 0;
    %ix/load 4, 44, 0;
    %flag_set/imm 4, 0;
    %load/vec4a v0x564e274bff70, 4;
    %pad/u 32;
    %assign/vec4 v0x564e274be580_0, 0;
    %ix/load 4, 45, 0;
    %flag_set/imm 4, 0;
    %load/vec4a v0x564e274bff70, 4;
    %pad/u 32;
    %assign/vec4 v0x564e274be660_0, 0;
    %ix/load 4, 46, 0;
    %flag_set/imm 4, 0;
    %load/vec4a v0x564e274bff70, 4;
    %pad/u 32;
    %assign/vec4 v0x564e274be740_0, 0;
    %ix/load 4, 47, 0;
    %flag_set/imm 4, 0;
    %load/vec4a v0x564e274bff70, 4;
    %pad/u 32;
    %assign/vec4 v0x564e274be820_0, 0;
    %ix/load 4, 48, 0;
    %flag_set/imm 4, 0;
    %load/vec4a v0x564e274bff70, 4;
    %pad/u 32;
    %assign/vec4 v0x564e274be900_0, 0;
    %ix/load 4, 49, 0;
    %flag_set/imm 4, 0;
    %load/vec4a v0x564e274bff70, 4;
    %pad/u 32;
    %assign/vec4 v0x564e274be9e0_0, 0;
    %ix/load 4, 50, 0;
    %flag_set/imm 4, 0;
    %load/vec4a v0x564e274bff70, 4;
    %pad/u 32;
    %assign/vec4 v0x564e274beba0_0, 0;
    %ix/load 4, 51, 0;
    %flag_set/imm 4, 0;
    %load/vec4a v0x564e274bff70, 4;
    %pad/u 32;
    %assign/vec4 v0x564e274bec80_0, 0;
    %ix/load 4, 52, 0;
    %flag_set/imm 4, 0;
    %load/vec4a v0x564e274bff70, 4;
    %pad/u 32;
    %assign/vec4 v0x564e274bed60_0, 0;
    %ix/load 4, 53, 0;
    %flag_set/imm 4, 0;
    %load/vec4a v0x564e274bff70, 4;
    %pad/u 32;
    %assign/vec4 v0x564e274bee40_0, 0;
    %ix/load 4, 54, 0;
    %flag_set/imm 4, 0;
    %load/vec4a v0x564e274bff70, 4;
    %pad/u 32;
    %assign/vec4 v0x564e274bef20_0, 0;
    %ix/load 4, 55, 0;
    %flag_set/imm 4, 0;
    %load/vec4a v0x564e274bff70, 4;
    %pad/u 32;
    %assign/vec4 v0x564e274bf000_0, 0;
    %ix/load 4, 56, 0;
    %flag_set/imm 4, 0;
    %load/vec4a v0x564e274bff70, 4;
    %pad/u 32;
    %assign/vec4 v0x564e274bf0e0_0, 0;
    %ix/load 4, 57, 0;
    %flag_set/imm 4, 0;
    %load/vec4a v0x564e274bff70, 4;
    %pad/u 32;
    %assign/vec4 v0x564e274bf1c0_0, 0;
    %ix/load 4, 58, 0;
    %flag_set/imm 4, 0;
    %load/vec4a v0x564e274bff70, 4;
    %pad/u 32;
    %assign/vec4 v0x564e274bf2a0_0, 0;
    %ix/load 4, 59, 0;
    %flag_set/imm 4, 0;
    %load/vec4a v0x564e274bff70, 4;
    %pad/u 32;
    %assign/vec4 v0x564e274bf380_0, 0;
    %ix/load 4, 60, 0;
    %flag_set/imm 4, 0;
    %load/vec4a v0x564e274bff70, 4;
    %pad/u 32;
    %assign/vec4 v0x564e274bf540_0, 0;
    %ix/load 4, 61, 0;
    %flag_set/imm 4, 0;
    %load/vec4a v0x564e274bff70, 4;
    %pad/u 32;
    %assign/vec4 v0x564e274bf620_0, 0;
    %ix/load 4, 62, 0;
    %flag_set/imm 4, 0;
    %load/vec4a v0x564e274bff70, 4;
    %pad/u 32;
    %assign/vec4 v0x564e274bf700_0, 0;
    %ix/load 4, 63, 0;
    %flag_set/imm 4, 0;
    %load/vec4a v0x564e274bff70, 4;
    %pad/u 32;
    %assign/vec4 v0x564e274bf7e0_0, 0;
T_12.0 ;
    %jmp T_12;
    .thread T_12;
    .scope S_0x564e274a33b0;
T_13 ;
    %vpi_call 2 67 "$dumpfile", "wavefile.vcd" {0 0 0};
    %vpi_call 2 68 "$dumpvars" {0 0 0};
    %pushi/vec4 0, 0, 3;
    %assign/vec4 v0x564e274c57e0_0, 0;
    %end;
    .thread T_13;
    .scope S_0x564e274a33b0;
T_14 ;
    %wait E_0x564e2741ea20;
    %load/vec4 v0x564e274c57e0_0;
    %dup/vec4;
    %pushi/vec4 0, 0, 3;
    %cmp/u;
    %jmp/1 T_14.0, 6;
    %dup/vec4;
    %pushi/vec4 1, 0, 3;
    %cmp/u;
    %jmp/1 T_14.1, 6;
    %dup/vec4;
    %pushi/vec4 2, 0, 3;
    %cmp/u;
    %jmp/1 T_14.2, 6;
    %dup/vec4;
    %pushi/vec4 3, 0, 3;
    %cmp/u;
    %jmp/1 T_14.3, 6;
    %dup/vec4;
    %pushi/vec4 4, 0, 3;
    %cmp/u;
    %jmp/1 T_14.4, 6;
    %dup/vec4;
    %pushi/vec4 6, 0, 3;
    %cmp/u;
    %jmp/1 T_14.5, 6;
    %jmp T_14.6;
T_14.0 ;
    %pushi/vec4 1, 0, 3;
    %assign/vec4 v0x564e274c57e0_0, 0;
    %jmp T_14.6;
T_14.1 ;
    %pushi/vec4 2, 0, 3;
    %assign/vec4 v0x564e274c57e0_0, 0;
    %jmp T_14.6;
T_14.2 ;
    %pushi/vec4 3, 0, 3;
    %assign/vec4 v0x564e274c57e0_0, 0;
    %jmp T_14.6;
T_14.3 ;
    %pushi/vec4 4, 0, 3;
    %assign/vec4 v0x564e274c57e0_0, 0;
    %jmp T_14.6;
T_14.4 ;
    %delay 20, 0;
    %load/vec4 v0x564e274c5080_0;
    %cmpi/u 7, 0, 32;
    %jmp/0xz  T_14.7, 5;
    %pushi/vec4 0, 0, 3;
    %assign/vec4 v0x564e274c57e0_0, 0;
    %jmp T_14.8;
T_14.7 ;
    %pushi/vec4 6, 0, 3;
    %assign/vec4 v0x564e274c57e0_0, 0;
T_14.8 ;
    %jmp T_14.6;
T_14.5 ;
    %vpi_call 2 98 "$finish" {0 0 0};
    %jmp T_14.6;
T_14.6 ;
    %pop/vec4 1;
    %jmp T_14;
    .thread T_14;
# The file index is used to find the file name in the following table.
:file_names 11;
    "N/A";
    "<interactive>";
    "main.v";
    "./modulos/alu.v";
    "./modulos/clock.v";
    "./modulos/decodificacao.v";
    "./modulos/lerinstrucao.v";
    "./modulos/memoria.v";
    "./modulos/registradores.v";
    "./modulos/sinaisdecontrole.v";
    "./modulos/somapc.v";
